Using pre-set license
Built from '2020.3/staging' branch; Version is '2020.3.22f1 (e1a7f79fd887) revision 14788599'; Using compiler version '192528614'; Build Type 'Release'
OS: 'Windows 10 Home; OS build 19043.1348; Version 2009; 64bit' Language: 'it' Physical Memory: 8067 MB
BatchMode: 1, IsHumanControllingUs: 0, StartBugReporterOnCrash: 0, Is64bit: 1, IsPro: 0

COMMAND LINE ARGUMENTS:
C:\Program Files\Unity\Hub\Editor\2020.3.22f1\Editor\Unity.exe
-adb2
-batchMode
-noUpm
-name
AssetImportWorker5
-projectPath
C:/Users/Administrator/Desktop/Pagans
-logFile
Logs/AssetImportWorker5.log
-srvPort
53001
Successfully changed project path to: C:/Users/Administrator/Desktop/Pagans
C:/Users/Administrator/Desktop/Pagans
Using Asset Import Pipeline V2.
Refreshing native plugins compatible for Editor in 390.14 ms, found 3 plugins.
Preloading 0 native plugins for Editor in 0.00 ms.
Initialize engine version: 2020.3.22f1 (e1a7f79fd887)
[Subsystems] Discovering subsystems at path C:/Program Files/Unity/Hub/Editor/2020.3.22f1/Editor/Data/Resources/UnitySubsystems
[Subsystems] Discovering subsystems at path C:/Users/Administrator/Desktop/Pagans/Assets
GfxDevice: creating device client; threaded=0
Direct3D:
    Version:  Direct3D 11.0 [level 11.1]
    Renderer: Intel(R) UHD Graphics 620 (ID=0x5917)
    Vendor:   
    VRAM:     4033 MB
    Driver:   22.20.16.4815
Initialize mono
Mono path[0] = 'C:/Program Files/Unity/Hub/Editor/2020.3.22f1/Editor/Data/Managed'
Mono path[1] = 'C:/Program Files/Unity/Hub/Editor/2020.3.22f1/Editor/Data/MonoBleedingEdge/lib/mono/unityjit'
Mono config path = 'C:/Program Files/Unity/Hub/Editor/2020.3.22f1/Editor/Data/MonoBleedingEdge/etc'
Using monoOptions --debugger-agent=transport=dt_socket,embedding=1,server=y,suspend=n,address=127.0.0.1:56564
Begin MonoManager ReloadAssembly
Registering precompiled unity dll's ...
Register platform support module: C:/Program Files/Unity/Hub/Editor/2020.3.22f1/Editor/Data/PlaybackEngines/WindowsStandaloneSupport/UnityEditor.WindowsStandalone.Extensions.dll
Registered in 0.006340 seconds.
Native extension for WindowsStandalone target not found
Refreshing native plugins compatible for Editor in 317.77 ms, found 3 plugins.
Preloading 0 native plugins for Editor in 0.00 ms.
Mono: successfully reloaded assembly
- Completed reload, in  3.096 seconds
Domain Reload Profiling:
	ReloadAssembly (3096ms)
		BeginReloadAssembly (132ms)
			ExecutionOrderSort (0ms)
			DisableScriptedObjects (0ms)
			BackupInstance (0ms)
			ReleaseScriptingObjects (0ms)
			CreateAndSetChildDomain (2ms)
		EndReloadAssembly (1373ms)
			LoadAssemblies (127ms)
			RebuildTransferFunctionScriptingTraits (0ms)
			SetupTypeCache (444ms)
			ReleaseScriptCaches (0ms)
			RebuildScriptCaches (66ms)
			SetupLoadedEditorAssemblies (627ms)
				LogAssemblyErrors (0ms)
				InitializePlatformSupportModulesInManaged (9ms)
				SetLoadedEditorAssemblies (0ms)
				RefreshPlugins (318ms)
				BeforeProcessingInitializeOnLoad (47ms)
				ProcessInitializeOnLoadAttributes (190ms)
				ProcessInitializeOnLoadMethodAttributes (61ms)
				AfterProcessingInitializeOnLoad (0ms)
				EditorAssembliesLoaded (0ms)
			ExecutionOrderSort2 (0ms)
			AwakeInstancesAfterBackupRestoration (0ms)
Platform modules already initialized, skipping
Registering precompiled user dll's ...
Registered in 0.018798 seconds.
Begin MonoManager ReloadAssembly
Native extension for WindowsStandalone target not found
Refreshing native plugins compatible for Editor in 218.24 ms, found 3 plugins.
Preloading 0 native plugins for Editor in 0.00 ms.
Mono: successfully reloaded assembly
- Completed reload, in 11.586 seconds
Domain Reload Profiling:
	ReloadAssembly (11599ms)
		BeginReloadAssembly (341ms)
			ExecutionOrderSort (0ms)
			DisableScriptedObjects (10ms)
			BackupInstance (0ms)
			ReleaseScriptingObjects (0ms)
			CreateAndSetChildDomain (38ms)
		EndReloadAssembly (11096ms)
			LoadAssemblies (5431ms)
			RebuildTransferFunctionScriptingTraits (0ms)
			SetupTypeCache (2469ms)
			ReleaseScriptCaches (1ms)
			RebuildScriptCaches (116ms)
			SetupLoadedEditorAssemblies (2810ms)
				LogAssemblyErrors (0ms)
				InitializePlatformSupportModulesInManaged (7ms)
				SetLoadedEditorAssemblies (0ms)
				RefreshPlugins (218ms)
				BeforeProcessingInitializeOnLoad (207ms)
				ProcessInitializeOnLoadAttributes (757ms)
				ProcessInitializeOnLoadMethodAttributes (1602ms)
				AfterProcessingInitializeOnLoad (17ms)
				EditorAssembliesLoaded (0ms)
			ExecutionOrderSort2 (0ms)
			AwakeInstancesAfterBackupRestoration (19ms)
Platform modules already initialized, skipping
========================================================================
Worker process is ready to serve import requests
Launched and connected shader compiler UnityShaderCompiler.exe after 0.30 seconds
Refreshing native plugins compatible for Editor in 3.35 ms, found 3 plugins.
Preloading 0 native plugins for Editor in 0.00 ms.
Unloading 3741 Unused Serialized files (Serialized files now loaded: 0)
System memory in use before: 160.9 MB.
System memory in use after: 161.1 MB.

Unloading 32 unused Assets to reduce memory usage. Loaded Objects now: 4177.
Total: 7.908300 ms (FindLiveObjects: 0.776000 ms CreateObjectMapping: 0.421900 ms MarkObjects: 6.553100 ms  DeleteObjects: 0.155400 ms)

AssetImportParameters requested are different than current active one (requested -> active):
  custom:framework-win-MediaFoundation: 216162199b28c13a410421893ffa2e32 -> 
  custom:video-decoder-ogg-theora: a1e56fd34408186e4bbccfd4996cb3dc -> 
  custom:container-muxer-webm: aa71ff27fc2769a1b78a27578f13a17b -> 
  custom:container-demuxer-webm: 4f35f7cbe854078d1ac9338744f61a02 -> 
  custom:container-demuxer-ogg: 62fdf1f143b41e24485cea50d1cbac27 -> 
  custom:video-encoder-webm-vp8: eb34c28f22e8b96e1ab97ce403110664 -> 
  custom:video-decoder-webm-vp8: 9c59270c3fd7afecdb556c50c9e8de78 -> 
  custom:audio-decoder-ogg-vorbis: bf7c407c2cedff20999df2af8eb42d56 -> 
  custom:audio-encoder-webm-vorbis: bf7c407c2cedff20999df2af8eb42d56 -> 
========================================================================
Received Import Request.
  path: Assets/Scenes/Gameplay.unity
  artifactKey: Guid(481fac65c21ab1f4d81966a06dbd09b6) Importer(815301076,1909f56bfc062723c751e8b465ee728b)
Start importing Assets/Scenes/Gameplay.unity using Guid(481fac65c21ab1f4d81966a06dbd09b6) Importer(815301076,1909f56bfc062723c751e8b465ee728b)  -> (artifact id: 'c4bdcb785bfc4ec4d275d697ff963957') in 0.044949 seconds 
  Import took 0.060691 seconds .

========================================================================
Received Prepare
Refreshing native plugins compatible for Editor in 18.87 ms, found 3 plugins.
Preloading 0 native plugins for Editor in 0.00 ms.
Unloading 19 Unused Serialized files (Serialized files now loaded: 0)
System memory in use before: 81.5 MB.
System memory in use after: 81.7 MB.

Unloading 19 unused Assets to reduce memory usage. Loaded Objects now: 4177.
Total: 11.636600 ms (FindLiveObjects: 0.844000 ms CreateObjectMapping: 0.487000 ms MarkObjects: 10.227800 ms  DeleteObjects: 0.075400 ms)

AssetImportParameters requested are different than current active one (requested -> active):
  custom:framework-win-MediaFoundation: 216162199b28c13a410421893ffa2e32 -> 
  custom:video-decoder-ogg-theora: a1e56fd34408186e4bbccfd4996cb3dc -> 
  custom:container-muxer-webm: aa71ff27fc2769a1b78a27578f13a17b -> 
  custom:container-demuxer-webm: 4f35f7cbe854078d1ac9338744f61a02 -> 
  custom:container-demuxer-ogg: 62fdf1f143b41e24485cea50d1cbac27 -> 
  custom:video-encoder-webm-vp8: eb34c28f22e8b96e1ab97ce403110664 -> 
  custom:video-decoder-webm-vp8: 9c59270c3fd7afecdb556c50c9e8de78 -> 
  custom:audio-decoder-ogg-vorbis: bf7c407c2cedff20999df2af8eb42d56 -> 
  custom:audio-encoder-webm-vorbis: bf7c407c2cedff20999df2af8eb42d56 -> 
========================================================================
Received Prepare
Registering precompiled user dll's ...
Registered in 0.030375 seconds.
Begin MonoManager ReloadAssembly
Native extension for WindowsStandalone target not found
Refreshing native plugins compatible for Editor in 2.38 ms, found 3 plugins.
Preloading 0 native plugins for Editor in 0.00 ms.
Mono: successfully reloaded assembly
- Completed reload, in  3.322 seconds
Domain Reload Profiling:
	ReloadAssembly (3323ms)
		BeginReloadAssembly (414ms)
			ExecutionOrderSort (0ms)
			DisableScriptedObjects (34ms)
			BackupInstance (0ms)
			ReleaseScriptingObjects (0ms)
			CreateAndSetChildDomain (146ms)
		EndReloadAssembly (2688ms)
			LoadAssemblies (343ms)
			RebuildTransferFunctionScriptingTraits (0ms)
			SetupTypeCache (959ms)
			ReleaseScriptCaches (3ms)
			RebuildScriptCaches (113ms)
			SetupLoadedEditorAssemblies (970ms)
				LogAssemblyErrors (0ms)
				InitializePlatformSupportModulesInManaged (13ms)
				SetLoadedEditorAssemblies (1ms)
				RefreshPlugins (3ms)
				BeforeProcessingInitializeOnLoad (254ms)
				ProcessInitializeOnLoadAttributes (654ms)
				ProcessInitializeOnLoadMethodAttributes (25ms)
				AfterProcessingInitializeOnLoad (19ms)
				EditorAssembliesLoaded (0ms)
			ExecutionOrderSort2 (0ms)
			AwakeInstancesAfterBackupRestoration (31ms)
Platform modules already initialized, skipping
Refreshing native plugins compatible for Editor in 3.44 ms, found 3 plugins.
Preloading 0 native plugins for Editor in 0.00 ms.
Unloading 3621 Unused Serialized files (Serialized files now loaded: 0)
System memory in use before: 152.7 MB.
System memory in use after: 153.0 MB.

Unloading 21 unused Assets to reduce memory usage. Loaded Objects now: 4179.
Total: 7.686600 ms (FindLiveObjects: 0.509700 ms CreateObjectMapping: 0.312100 ms MarkObjects: 6.810700 ms  DeleteObjects: 0.051600 ms)

AssetImportParameters requested are different than current active one (requested -> active):
  custom:framework-win-MediaFoundation: 216162199b28c13a410421893ffa2e32 -> 
  custom:video-decoder-ogg-theora: a1e56fd34408186e4bbccfd4996cb3dc -> 
  custom:container-muxer-webm: aa71ff27fc2769a1b78a27578f13a17b -> 
  custom:container-demuxer-webm: 4f35f7cbe854078d1ac9338744f61a02 -> 
  custom:container-demuxer-ogg: 62fdf1f143b41e24485cea50d1cbac27 -> 
  custom:video-encoder-webm-vp8: eb34c28f22e8b96e1ab97ce403110664 -> 
  custom:video-decoder-webm-vp8: 9c59270c3fd7afecdb556c50c9e8de78 -> 
  custom:audio-decoder-ogg-vorbis: bf7c407c2cedff20999df2af8eb42d56 -> 
  custom:audio-encoder-webm-vorbis: bf7c407c2cedff20999df2af8eb42d56 -> 
========================================================================
Received Import Request.
  Time since last request: 639.302596 seconds.
  path: Assets/Game/Items/Consumables/Apple.asset
  artifactKey: Guid(f06f4d53d8a2a784a98ee480ed4e757e) Importer(815301076,1909f56bfc062723c751e8b465ee728b)
Start importing Assets/Game/Items/Consumables/Apple.asset using Guid(f06f4d53d8a2a784a98ee480ed4e757e) Importer(815301076,1909f56bfc062723c751e8b465ee728b)  -> (artifact id: 'd51f2d9a55730e6780e86c59a6796307') in 0.118153 seconds 
  Import took 0.133611 seconds .

========================================================================
Received Import Request.
  Time since last request: 0.000460 seconds.
  path: Assets/Game/Items/StoryBooks/Ragnarok.asset
  artifactKey: Guid(0440544756980eb45840842bd0ac7f5c) Importer(815301076,1909f56bfc062723c751e8b465ee728b)
Start importing Assets/Game/Items/StoryBooks/Ragnarok.asset using Guid(0440544756980eb45840842bd0ac7f5c) Importer(815301076,1909f56bfc062723c751e8b465ee728b)  -> (artifact id: '5fb7c121bb757e5f83ae9666d9f9958d') in 0.027679 seconds 
  Import took 0.041208 seconds .

========================================================================
Received Import Request.
  Time since last request: 0.000431 seconds.
  path: Assets/Game/Items/Skills/readrunes-book.asset
  artifactKey: Guid(268c6b7439363bc48b59ca87ac0efb76) Importer(815301076,1909f56bfc062723c751e8b465ee728b)
Start importing Assets/Game/Items/Skills/readrunes-book.asset using Guid(268c6b7439363bc48b59ca87ac0efb76) Importer(815301076,1909f56bfc062723c751e8b465ee728b)  -> (artifact id: '5f83d0dc60eab5c22842326b39fab312') in 0.066295 seconds 
  Import took 0.081480 seconds .

========================================================================
Received Import Request.
  Time since last request: 0.000493 seconds.
  path: Assets/Game/Items/Skills/readrunes-skill.asset
  artifactKey: Guid(7703cd3f24774934bb60410f1c49cc6a) Importer(815301076,1909f56bfc062723c751e8b465ee728b)
Start importing Assets/Game/Items/Skills/readrunes-skill.asset using Guid(7703cd3f24774934bb60410f1c49cc6a) Importer(815301076,1909f56bfc062723c751e8b465ee728b)  -> (artifact id: '6f183afc066405b5c02bed2514b9ff5d') in 0.020587 seconds 
  Import took 0.037987 seconds .

========================================================================
Received Import Request.
  Time since last request: 0.000435 seconds.
  path: Assets/Game/Items/Misc/stickrod.asset
  artifactKey: Guid(04716ccd0a2bee744a9cba32a040e01a) Importer(815301076,1909f56bfc062723c751e8b465ee728b)
Start importing Assets/Game/Items/Misc/stickrod.asset using Guid(04716ccd0a2bee744a9cba32a040e01a) Importer(815301076,1909f56bfc062723c751e8b465ee728b)  -> (artifact id: '09207b4f2a792274ae469373d8ab0f5e') in 0.054070 seconds 
  Import took 0.068823 seconds .

========================================================================
Received Import Request.
  Time since last request: 0.000483 seconds.
  path: Assets/Game/Items/Equipment/ore-ring.asset
  artifactKey: Guid(a15aa88b2230b304eb659bdb4ed8e326) Importer(815301076,1909f56bfc062723c751e8b465ee728b)
Start importing Assets/Game/Items/Equipment/ore-ring.asset using Guid(a15aa88b2230b304eb659bdb4ed8e326) Importer(815301076,1909f56bfc062723c751e8b465ee728b)  -> (artifact id: '89cd970a4f5c16547d330410325cab7b') in 0.027884 seconds 
  Import took 0.041415 seconds .

========================================================================
Received Import Request.
  Time since last request: 0.000466 seconds.
  path: Assets/Game/Items/Misc/Wood.asset
  artifactKey: Guid(d04ac9deb510f014eb2dbfbbee7b2022) Importer(815301076,1909f56bfc062723c751e8b465ee728b)
Start importing Assets/Game/Items/Misc/Wood.asset using Guid(d04ac9deb510f014eb2dbfbbee7b2022) Importer(815301076,1909f56bfc062723c751e8b465ee728b)  -> (artifact id: '2f2d8a932c91f1c2c81c3ede460a4e88') in 0.028913 seconds 
  Import took 0.042741 seconds .

========================================================================
Received Import Request.
  Time since last request: 0.000539 seconds.
  path: Assets/Game/Items/Consumables/pesce1.asset
  artifactKey: Guid(4d20530b3289eb6459bb94a5cba40867) Importer(815301076,1909f56bfc062723c751e8b465ee728b)
Start importing Assets/Game/Items/Consumables/pesce1.asset using Guid(4d20530b3289eb6459bb94a5cba40867) Importer(815301076,1909f56bfc062723c751e8b465ee728b)  -> (artifact id: '9c9d088512eb61ef177285c272abdb33') in 0.019150 seconds 
  Import took 0.034022 seconds .

========================================================================
Received Import Request.
  Time since last request: 0.000463 seconds.
  path: Assets/Game/Items/Misc/axeTest.asset
  artifactKey: Guid(957dc4adc587bf44e90e8aab6907954c) Importer(815301076,1909f56bfc062723c751e8b465ee728b)
Start importing Assets/Game/Items/Misc/axeTest.asset using Guid(957dc4adc587bf44e90e8aab6907954c) Importer(815301076,1909f56bfc062723c751e8b465ee728b)  -> (artifact id: '08ea7d73bd45fef17ff8fe1223a0785e') in 0.028474 seconds 
  Import took 0.042850 seconds .

========================================================================
Received Import Request.
  Time since last request: 0.000479 seconds.
  path: Assets/Game/Items/Runes/FehizuFromBase.asset
  artifactKey: Guid(b1827ceb2851fbb47a10c6eb0bfd21b1) Importer(815301076,1909f56bfc062723c751e8b465ee728b)
Start importing Assets/Game/Items/Runes/FehizuFromBase.asset using Guid(b1827ceb2851fbb47a10c6eb0bfd21b1) Importer(815301076,1909f56bfc062723c751e8b465ee728b)  -> (artifact id: '7a4a5a868fc9e5bbfcdf01fdb09f3f33') in 0.041905 seconds 
  Import took 0.057739 seconds .

========================================================================
Received Import Request.
  Time since last request: 0.000468 seconds.
  path: Assets/Game/Items/Misc/Torch.asset
  artifactKey: Guid(b252561e89574bd40b77d2dd6e21bd49) Importer(815301076,1909f56bfc062723c751e8b465ee728b)
Start importing Assets/Game/Items/Misc/Torch.asset using Guid(b252561e89574bd40b77d2dd6e21bd49) Importer(815301076,1909f56bfc062723c751e8b465ee728b)  -> (artifact id: '66301919a1f570a5231eec397e572c7b') in 0.038020 seconds 
  Import took 0.052999 seconds .

========================================================================
Received Import Request.
  Time since last request: 0.000461 seconds.
  path: Assets/Game/Items/Consumables/Potatoe.asset
  artifactKey: Guid(852010e32bb98e6458a0d946c9cf2d46) Importer(815301076,1909f56bfc062723c751e8b465ee728b)
Start importing Assets/Game/Items/Consumables/Potatoe.asset using Guid(852010e32bb98e6458a0d946c9cf2d46) Importer(815301076,1909f56bfc062723c751e8b465ee728b)  -> (artifact id: '28fce8249851cd589d162f4e08b90e5c') in 0.040673 seconds 
  Import took 0.054910 seconds .

========================================================================
Received Import Request.
  Time since last request: 0.000495 seconds.
  path: Assets/Game/Items/Equipment/IronBow.asset
  artifactKey: Guid(b213aeb8e1084244d83c754ffc09654e) Importer(815301076,1909f56bfc062723c751e8b465ee728b)
Start importing Assets/Game/Items/Equipment/IronBow.asset using Guid(b213aeb8e1084244d83c754ffc09654e) Importer(815301076,1909f56bfc062723c751e8b465ee728b)  -> (artifact id: 'b2d64c6d3555534521bcddb2e3e90669') in 0.030156 seconds 
  Import took 0.043840 seconds .

========================================================================
Received Import Request.
  Time since last request: 0.000486 seconds.
  path: Assets/Game/Items/Consumables/Potion.asset
  artifactKey: Guid(30baf1eb5ac31f446b2b89c96a6eb113) Importer(815301076,1909f56bfc062723c751e8b465ee728b)
Start importing Assets/Game/Items/Consumables/Potion.asset using Guid(30baf1eb5ac31f446b2b89c96a6eb113) Importer(815301076,1909f56bfc062723c751e8b465ee728b)  -> (artifact id: '9c49e8068ba3eb7fe7fa3d8aad76ebf0') in 0.041090 seconds 
  Import took 0.054660 seconds .

========================================================================
Received Import Request.
  Time since last request: 0.000485 seconds.
  path: Assets/Game/Items/keys/dungeon key.asset
  artifactKey: Guid(e7c81a4a290e45744968e547681e31a6) Importer(815301076,1909f56bfc062723c751e8b465ee728b)
Start importing Assets/Game/Items/keys/dungeon key.asset using Guid(e7c81a4a290e45744968e547681e31a6) Importer(815301076,1909f56bfc062723c751e8b465ee728b)  -> (artifact id: '4391015da2df8678e133757453c1545e') in 0.040645 seconds 
  Import took 0.054864 seconds .

========================================================================
Received Import Request.
  Time since last request: 0.000601 seconds.
  path: Assets/Game/Items/Books/Harbardsbok.asset
  artifactKey: Guid(6499711d4585bb249b275a18e78611a6) Importer(815301076,1909f56bfc062723c751e8b465ee728b)
Start importing Assets/Game/Items/Books/Harbardsbok.asset using Guid(6499711d4585bb249b275a18e78611a6) Importer(815301076,1909f56bfc062723c751e8b465ee728b)  -> (artifact id: 'd61d59e58363761ab33cd7a1acbc8f64') in 0.045766 seconds 
  Import took 0.060368 seconds .

========================================================================
Received Import Request.
  Time since last request: 0.000503 seconds.
  path: Assets/Game/Items/Runes/gem.asset
  artifactKey: Guid(168382101f0b29a4e85582ffedac7378) Importer(815301076,1909f56bfc062723c751e8b465ee728b)
Start importing Assets/Game/Items/Runes/gem.asset using Guid(168382101f0b29a4e85582ffedac7378) Importer(815301076,1909f56bfc062723c751e8b465ee728b)  -> (artifact id: '90ac5f00c4038a1ccdb271de42b26ac9') in 0.038479 seconds 
  Import took 0.053452 seconds .

========================================================================
Received Import Request.
  Time since last request: 0.000491 seconds.
  path: Assets/Game/Items/Equipment/Labrys.asset
  artifactKey: Guid(f3129a08a2bfb794eb6cc471249b34db) Importer(815301076,1909f56bfc062723c751e8b465ee728b)
Start importing Assets/Game/Items/Equipment/Labrys.asset using Guid(f3129a08a2bfb794eb6cc471249b34db) Importer(815301076,1909f56bfc062723c751e8b465ee728b)  -> (artifact id: '61e95cf5e685f20c51152096913463f2') in 0.029927 seconds 
  Import took 0.044478 seconds .

========================================================================
Received Import Request.
  Time since last request: 0.000568 seconds.
  path: Assets/Game/Items/Runes/StartDust.asset
  artifactKey: Guid(0dcf12c1e7cad0d4f9d9aac22ec87323) Importer(815301076,1909f56bfc062723c751e8b465ee728b)
Start importing Assets/Game/Items/Runes/StartDust.asset using Guid(0dcf12c1e7cad0d4f9d9aac22ec87323) Importer(815301076,1909f56bfc062723c751e8b465ee728b)  -> (artifact id: '1303c95da0502efaebce7617523d82dc') in 0.041359 seconds 
  Import took 0.056335 seconds .

========================================================================
Received Import Request.
  Time since last request: 0.000483 seconds.
  path: Assets/Game/Items/Misc/Cutter.asset
  artifactKey: Guid(e60da57d767a65b45b38479f5e86ced4) Importer(815301076,1909f56bfc062723c751e8b465ee728b)
Start importing Assets/Game/Items/Misc/Cutter.asset using Guid(e60da57d767a65b45b38479f5e86ced4) Importer(815301076,1909f56bfc062723c751e8b465ee728b)  -> (artifact id: 'f131d652888688e87252a21e739d8e8f') in 0.032054 seconds 
  Import took 0.047648 seconds .

========================================================================
Received Import Request.
  Time since last request: 0.000554 seconds.
  path: Assets/Game/Items/Runes/Berkana.asset
  artifactKey: Guid(4885ebfbb9b2ed744bd3d34b3abe8cae) Importer(815301076,1909f56bfc062723c751e8b465ee728b)
Start importing Assets/Game/Items/Runes/Berkana.asset using Guid(4885ebfbb9b2ed744bd3d34b3abe8cae) Importer(815301076,1909f56bfc062723c751e8b465ee728b)  -> (artifact id: 'cc192f4de03557de089ef26f1ced0c0a') in 0.034837 seconds 
  Import took 0.053667 seconds .

========================================================================
Received Import Request.
  Time since last request: 0.000481 seconds.
  path: Assets/Game/Items/Runes/FehizuSpec.asset
  artifactKey: Guid(657178811aa8b204696205692befcb1a) Importer(815301076,1909f56bfc062723c751e8b465ee728b)
Start importing Assets/Game/Items/Runes/FehizuSpec.asset using Guid(657178811aa8b204696205692befcb1a) Importer(815301076,1909f56bfc062723c751e8b465ee728b)  -> (artifact id: '32fc2f3f2746707876ed23545816e860') in 0.055438 seconds 
  Import took 0.076176 seconds .

========================================================================
Received Import Request.
  Time since last request: 0.000535 seconds.
  path: Assets/Game/Items/Equipment/Sword.asset
  artifactKey: Guid(52d183a283520e348a81d3504dda9fd7) Importer(815301076,1909f56bfc062723c751e8b465ee728b)
Start importing Assets/Game/Items/Equipment/Sword.asset using Guid(52d183a283520e348a81d3504dda9fd7) Importer(815301076,1909f56bfc062723c751e8b465ee728b)  -> (artifact id: 'bdb01e627df4c50c99ffad33cdafebdf') in 0.049096 seconds 
  Import took 0.071367 seconds .

========================================================================
Received Import Request.
  Time since last request: 0.000541 seconds.
  path: Assets/Game/Items/Misc/bone meal.asset
  artifactKey: Guid(42a7d61412763e34090aff60579007be) Importer(815301076,1909f56bfc062723c751e8b465ee728b)
Start importing Assets/Game/Items/Misc/bone meal.asset using Guid(42a7d61412763e34090aff60579007be) Importer(815301076,1909f56bfc062723c751e8b465ee728b)  -> (artifact id: '0e1823995c8333a1497eb47f0b1f170a') in 0.034901 seconds 
  Import took 0.054241 seconds .

========================================================================
Received Import Request.
  Time since last request: 0.000472 seconds.
  path: Assets/Game/Items/Equipment/wooden-shield.asset
  artifactKey: Guid(fd64f7706a1177044b8c21c515c74dae) Importer(815301076,1909f56bfc062723c751e8b465ee728b)
Start importing Assets/Game/Items/Equipment/wooden-shield.asset using Guid(fd64f7706a1177044b8c21c515c74dae) Importer(815301076,1909f56bfc062723c751e8b465ee728b)  -> (artifact id: '099a681a1f491783bf7cbe8f1e7dcb5d') in 0.050053 seconds 
  Import took 0.067975 seconds .

========================================================================
Received Import Request.
  Time since last request: 0.000630 seconds.
  path: Assets/Game/Items/StoryBooks/Harbardsljod.asset
  artifactKey: Guid(5e77e17c2e93c384c96c7cb5a65f78f9) Importer(815301076,1909f56bfc062723c751e8b465ee728b)
Start importing Assets/Game/Items/StoryBooks/Harbardsljod.asset using Guid(5e77e17c2e93c384c96c7cb5a65f78f9) Importer(815301076,1909f56bfc062723c751e8b465ee728b)  -> (artifact id: 'c594b7ba0c62075b83c34d89a3647d62') in 0.032718 seconds 
  Import took 0.050944 seconds .

========================================================================
Received Prepare
Registering precompiled user dll's ...
Registered in 0.020640 seconds.
Begin MonoManager ReloadAssembly
Native extension for WindowsStandalone target not found
Refreshing native plugins compatible for Editor in 2.15 ms, found 3 plugins.
Preloading 0 native plugins for Editor in 0.00 ms.
Mono: successfully reloaded assembly
- Completed reload, in  3.078 seconds
Domain Reload Profiling:
	ReloadAssembly (3079ms)
		BeginReloadAssembly (309ms)
			ExecutionOrderSort (0ms)
			DisableScriptedObjects (15ms)
			BackupInstance (0ms)
			ReleaseScriptingObjects (0ms)
			CreateAndSetChildDomain (128ms)
		EndReloadAssembly (2611ms)
			LoadAssemblies (263ms)
			RebuildTransferFunctionScriptingTraits (0ms)
			SetupTypeCache (901ms)
			ReleaseScriptCaches (3ms)
			RebuildScriptCaches (113ms)
			SetupLoadedEditorAssemblies (875ms)
				LogAssemblyErrors (0ms)
				InitializePlatformSupportModulesInManaged (10ms)
				SetLoadedEditorAssemblies (1ms)
				RefreshPlugins (2ms)
				BeforeProcessingInitializeOnLoad (250ms)
				ProcessInitializeOnLoadAttributes (568ms)
				ProcessInitializeOnLoadMethodAttributes (26ms)
				AfterProcessingInitializeOnLoad (18ms)
				EditorAssembliesLoaded (0ms)
			ExecutionOrderSort2 (0ms)
			AwakeInstancesAfterBackupRestoration (30ms)
Platform modules already initialized, skipping
Refreshing native plugins compatible for Editor in 3.30 ms, found 3 plugins.
Preloading 0 native plugins for Editor in 0.00 ms.
Unloading 3621 Unused Serialized files (Serialized files now loaded: 0)
System memory in use before: 152.8 MB.
System memory in use after: 153.1 MB.

Unloading 21 unused Assets to reduce memory usage. Loaded Objects now: 4181.
Total: 7.847000 ms (FindLiveObjects: 0.666900 ms CreateObjectMapping: 0.458000 ms MarkObjects: 6.673200 ms  DeleteObjects: 0.047000 ms)

AssetImportParameters requested are different than current active one (requested -> active):
  custom:framework-win-MediaFoundation: 216162199b28c13a410421893ffa2e32 -> 
  custom:video-decoder-ogg-theora: a1e56fd34408186e4bbccfd4996cb3dc -> 
  custom:container-muxer-webm: aa71ff27fc2769a1b78a27578f13a17b -> 
  custom:container-demuxer-webm: 4f35f7cbe854078d1ac9338744f61a02 -> 
  custom:container-demuxer-ogg: 62fdf1f143b41e24485cea50d1cbac27 -> 
  custom:video-encoder-webm-vp8: eb34c28f22e8b96e1ab97ce403110664 -> 
  custom:video-decoder-webm-vp8: 9c59270c3fd7afecdb556c50c9e8de78 -> 
  custom:audio-decoder-ogg-vorbis: bf7c407c2cedff20999df2af8eb42d56 -> 
  custom:audio-encoder-webm-vorbis: bf7c407c2cedff20999df2af8eb42d56 -> 
========================================================================
Received Prepare
Registering precompiled user dll's ...
Registered in 0.020392 seconds.
Begin MonoManager ReloadAssembly
Native extension for WindowsStandalone target not found
Refreshing native plugins compatible for Editor in 2.17 ms, found 3 plugins.
Preloading 0 native plugins for Editor in 0.00 ms.
Mono: successfully reloaded assembly
- Completed reload, in  3.122 seconds
Domain Reload Profiling:
	ReloadAssembly (3123ms)
		BeginReloadAssembly (315ms)
			ExecutionOrderSort (0ms)
			DisableScriptedObjects (14ms)
			BackupInstance (0ms)
			ReleaseScriptingObjects (0ms)
			CreateAndSetChildDomain (129ms)
		EndReloadAssembly (2643ms)
			LoadAssemblies (249ms)
			RebuildTransferFunctionScriptingTraits (0ms)
			SetupTypeCache (912ms)
			ReleaseScriptCaches (5ms)
			RebuildScriptCaches (152ms)
			SetupLoadedEditorAssemblies (940ms)
				LogAssemblyErrors (0ms)
				InitializePlatformSupportModulesInManaged (10ms)
				SetLoadedEditorAssemblies (1ms)
				RefreshPlugins (2ms)
				BeforeProcessingInitializeOnLoad (295ms)
				ProcessInitializeOnLoadAttributes (578ms)
				ProcessInitializeOnLoadMethodAttributes (30ms)
				AfterProcessingInitializeOnLoad (23ms)
				EditorAssembliesLoaded (0ms)
			ExecutionOrderSort2 (0ms)
			AwakeInstancesAfterBackupRestoration (36ms)
Platform modules already initialized, skipping
Refreshing native plugins compatible for Editor in 3.37 ms, found 3 plugins.
Preloading 0 native plugins for Editor in 0.00 ms.
Unloading 3621 Unused Serialized files (Serialized files now loaded: 0)
System memory in use before: 152.9 MB.
System memory in use after: 153.1 MB.

Unloading 21 unused Assets to reduce memory usage. Loaded Objects now: 4183.
Total: 7.119700 ms (FindLiveObjects: 0.586200 ms CreateObjectMapping: 0.386300 ms MarkObjects: 6.107400 ms  DeleteObjects: 0.037900 ms)

AssetImportParameters requested are different than current active one (requested -> active):
  custom:framework-win-MediaFoundation: 216162199b28c13a410421893ffa2e32 -> 
  custom:video-decoder-ogg-theora: a1e56fd34408186e4bbccfd4996cb3dc -> 
  custom:container-muxer-webm: aa71ff27fc2769a1b78a27578f13a17b -> 
  custom:container-demuxer-webm: 4f35f7cbe854078d1ac9338744f61a02 -> 
  custom:container-demuxer-ogg: 62fdf1f143b41e24485cea50d1cbac27 -> 
  custom:video-encoder-webm-vp8: eb34c28f22e8b96e1ab97ce403110664 -> 
  custom:video-decoder-webm-vp8: 9c59270c3fd7afecdb556c50c9e8de78 -> 
  custom:audio-decoder-ogg-vorbis: bf7c407c2cedff20999df2af8eb42d56 -> 
  custom:audio-encoder-webm-vorbis: bf7c407c2cedff20999df2af8eb42d56 -> 
========================================================================
Received Import Request.
  Time since last request: 278.857958 seconds.
  path: Assets/Scenes/Tutorial
  artifactKey: Guid(5b25f5e8951f544418f1129b684982c7) Importer(815301076,1909f56bfc062723c751e8b465ee728b)
Start importing Assets/Scenes/Tutorial using Guid(5b25f5e8951f544418f1129b684982c7) Importer(815301076,1909f56bfc062723c751e8b465ee728b)  -> (artifact id: '06ce7ac42285c4f2e7024050e561bfc0') in 0.025022 seconds 
  Import took 0.037940 seconds .

========================================================================
Received Import Request.
  Time since last request: 0.733190 seconds.
  path: Assets/Scenes/Tutorial/TutorialMain.unity
  artifactKey: Guid(19e2d7427f388294f8c37e1a7270b208) Importer(815301076,1909f56bfc062723c751e8b465ee728b)
Start importing Assets/Scenes/Tutorial/TutorialMain.unity using Guid(19e2d7427f388294f8c37e1a7270b208) Importer(815301076,1909f56bfc062723c751e8b465ee728b)  -> (artifact id: '4b4133b10711154d13f78c1246f1141a') in 0.057042 seconds 
  Import took 0.079465 seconds .

========================================================================
Received Import Request.
  Time since last request: 13.211050 seconds.
  path: Assets/Scenes/Midgardr
  artifactKey: Guid(73a46dcf7a986934f9b10c4284a50005) Importer(815301076,1909f56bfc062723c751e8b465ee728b)
Start importing Assets/Scenes/Midgardr using Guid(73a46dcf7a986934f9b10c4284a50005) Importer(815301076,1909f56bfc062723c751e8b465ee728b)  -> (artifact id: '1658c0ef5f5e5f66b1b68bf2b1712f10') in 0.038117 seconds 
  Import took 0.069640 seconds .

========================================================================
Received Import Request.
  Time since last request: 2.119051 seconds.
  path: Assets/Scenes/Midgardr/Midgardr.unity
  artifactKey: Guid(915dfd8fc64a0f94f8b6c0537cd1f66c) Importer(815301076,1909f56bfc062723c751e8b465ee728b)
Start importing Assets/Scenes/Midgardr/Midgardr.unity using Guid(915dfd8fc64a0f94f8b6c0537cd1f66c) Importer(815301076,1909f56bfc062723c751e8b465ee728b)  -> (artifact id: '5a781089e5cebf992dcfb45b7c5b2696') in 0.037794 seconds 
  Import took 0.065295 seconds .

========================================================================
Received Prepare
Registering precompiled user dll's ...
Registered in 0.019186 seconds.
Begin MonoManager ReloadAssembly
Native extension for WindowsStandalone target not found
Refreshing native plugins compatible for Editor in 2.11 ms, found 3 plugins.
Preloading 0 native plugins for Editor in 0.00 ms.
Mono: successfully reloaded assembly
- Completed reload, in  3.327 seconds
Domain Reload Profiling:
	ReloadAssembly (3328ms)
		BeginReloadAssembly (307ms)
			ExecutionOrderSort (0ms)
			DisableScriptedObjects (20ms)
			BackupInstance (0ms)
			ReleaseScriptingObjects (0ms)
			CreateAndSetChildDomain (118ms)
		EndReloadAssembly (2855ms)
			LoadAssemblies (275ms)
			RebuildTransferFunctionScriptingTraits (0ms)
			SetupTypeCache (1100ms)
			ReleaseScriptCaches (3ms)
			RebuildScriptCaches (121ms)
			SetupLoadedEditorAssemblies (954ms)
				LogAssemblyErrors (0ms)
				InitializePlatformSupportModulesInManaged (10ms)
				SetLoadedEditorAssemblies (1ms)
				RefreshPlugins (2ms)
				BeforeProcessingInitializeOnLoad (292ms)
				ProcessInitializeOnLoadAttributes (602ms)
				ProcessInitializeOnLoadMethodAttributes (25ms)
				AfterProcessingInitializeOnLoad (21ms)
				EditorAssembliesLoaded (0ms)
			ExecutionOrderSort2 (0ms)
			AwakeInstancesAfterBackupRestoration (32ms)
Platform modules already initialized, skipping
Refreshing native plugins compatible for Editor in 3.65 ms, found 3 plugins.
Preloading 0 native plugins for Editor in 0.00 ms.
Unloading 3621 Unused Serialized files (Serialized files now loaded: 0)
System memory in use before: 152.9 MB.
System memory in use after: 153.1 MB.

Unloading 21 unused Assets to reduce memory usage. Loaded Objects now: 4185.
Total: 9.093500 ms (FindLiveObjects: 0.789000 ms CreateObjectMapping: 0.417400 ms MarkObjects: 7.844200 ms  DeleteObjects: 0.040900 ms)

AssetImportParameters requested are different than current active one (requested -> active):
  custom:framework-win-MediaFoundation: 216162199b28c13a410421893ffa2e32 -> 
  custom:video-decoder-ogg-theora: a1e56fd34408186e4bbccfd4996cb3dc -> 
  custom:container-muxer-webm: aa71ff27fc2769a1b78a27578f13a17b -> 
  custom:container-demuxer-webm: 4f35f7cbe854078d1ac9338744f61a02 -> 
  custom:container-demuxer-ogg: 62fdf1f143b41e24485cea50d1cbac27 -> 
  custom:video-encoder-webm-vp8: eb34c28f22e8b96e1ab97ce403110664 -> 
  custom:video-decoder-webm-vp8: 9c59270c3fd7afecdb556c50c9e8de78 -> 
  custom:audio-decoder-ogg-vorbis: bf7c407c2cedff20999df2af8eb42d56 -> 
  custom:audio-encoder-webm-vorbis: bf7c407c2cedff20999df2af8eb42d56 -> 
========================================================================
Received Prepare
Registering precompiled user dll's ...
Registered in 0.015986 seconds.
Begin MonoManager ReloadAssembly
Native extension for WindowsStandalone target not found
Refreshing native plugins compatible for Editor in 2.13 ms, found 3 plugins.
Preloading 0 native plugins for Editor in 0.00 ms.
Mono: successfully reloaded assembly
- Completed reload, in  2.608 seconds
Domain Reload Profiling:
	ReloadAssembly (2609ms)
		BeginReloadAssembly (279ms)
			ExecutionOrderSort (0ms)
			DisableScriptedObjects (14ms)
			BackupInstance (0ms)
			ReleaseScriptingObjects (0ms)
			CreateAndSetChildDomain (87ms)
		EndReloadAssembly (2117ms)
			LoadAssemblies (282ms)
			RebuildTransferFunctionScriptingTraits (0ms)
			SetupTypeCache (750ms)
			ReleaseScriptCaches (2ms)
			RebuildScriptCaches (100ms)
			SetupLoadedEditorAssemblies (723ms)
				LogAssemblyErrors (0ms)
				InitializePlatformSupportModulesInManaged (10ms)
				SetLoadedEditorAssemblies (1ms)
				RefreshPlugins (2ms)
				BeforeProcessingInitializeOnLoad (212ms)
				ProcessInitializeOnLoadAttributes (459ms)
				ProcessInitializeOnLoadMethodAttributes (21ms)
				AfterProcessingInitializeOnLoad (17ms)
				EditorAssembliesLoaded (0ms)
			ExecutionOrderSort2 (0ms)
			AwakeInstancesAfterBackupRestoration (26ms)
Platform modules already initialized, skipping
Refreshing native plugins compatible for Editor in 3.28 ms, found 3 plugins.
Preloading 0 native plugins for Editor in 0.00 ms.
Unloading 3621 Unused Serialized files (Serialized files now loaded: 0)
System memory in use before: 152.9 MB.
System memory in use after: 153.1 MB.

Unloading 21 unused Assets to reduce memory usage. Loaded Objects now: 4187.
Total: 10.228100 ms (FindLiveObjects: 1.161400 ms CreateObjectMapping: 0.612600 ms MarkObjects: 8.402500 ms  DeleteObjects: 0.049500 ms)

AssetImportParameters requested are different than current active one (requested -> active):
  custom:framework-win-MediaFoundation: 216162199b28c13a410421893ffa2e32 -> 
  custom:video-decoder-ogg-theora: a1e56fd34408186e4bbccfd4996cb3dc -> 
  custom:container-muxer-webm: aa71ff27fc2769a1b78a27578f13a17b -> 
  custom:container-demuxer-webm: 4f35f7cbe854078d1ac9338744f61a02 -> 
  custom:container-demuxer-ogg: 62fdf1f143b41e24485cea50d1cbac27 -> 
  custom:video-encoder-webm-vp8: eb34c28f22e8b96e1ab97ce403110664 -> 
  custom:video-decoder-webm-vp8: 9c59270c3fd7afecdb556c50c9e8de78 -> 
  custom:audio-decoder-ogg-vorbis: bf7c407c2cedff20999df2af8eb42d56 -> 
  custom:audio-encoder-webm-vorbis: bf7c407c2cedff20999df2af8eb42d56 -> 
========================================================================
Received Import Request.
  Time since last request: 314.983139 seconds.
  path: Assets/Animations/Player.controller
  artifactKey: Guid(3a5eedb00b63df547b444ee51207c84f) Importer(815301076,1909f56bfc062723c751e8b465ee728b)
Start importing Assets/Animations/Player.controller using Guid(3a5eedb00b63df547b444ee51207c84f) Importer(815301076,1909f56bfc062723c751e8b465ee728b)  -> (artifact id: '6be3ed98e4f518dc6756bcbc9f5e6af6') in 0.127727 seconds 
  Import took 0.150648 seconds .

========================================================================
Received Prepare
Registering precompiled user dll's ...
Registered in 0.029618 seconds.
Begin MonoManager ReloadAssembly
Native extension for WindowsStandalone target not found
Refreshing native plugins compatible for Editor in 2.73 ms, found 3 plugins.
Preloading 0 native plugins for Editor in 0.00 ms.
Mono: successfully reloaded assembly
- Completed reload, in  3.035 seconds
Domain Reload Profiling:
	ReloadAssembly (3036ms)
		BeginReloadAssembly (334ms)
			ExecutionOrderSort (0ms)
			DisableScriptedObjects (22ms)
			BackupInstance (0ms)
			ReleaseScriptingObjects (0ms)
			CreateAndSetChildDomain (129ms)
		EndReloadAssembly (2543ms)
			LoadAssemblies (256ms)
			RebuildTransferFunctionScriptingTraits (0ms)
			SetupTypeCache (921ms)
			ReleaseScriptCaches (3ms)
			RebuildScriptCaches (117ms)
			SetupLoadedEditorAssemblies (934ms)
				LogAssemblyErrors (0ms)
				InitializePlatformSupportModulesInManaged (10ms)
				SetLoadedEditorAssemblies (1ms)
				RefreshPlugins (3ms)
				BeforeProcessingInitializeOnLoad (276ms)
				ProcessInitializeOnLoadAttributes (589ms)
				ProcessInitializeOnLoadMethodAttributes (31ms)
				AfterProcessingInitializeOnLoad (23ms)
				EditorAssembliesLoaded (0ms)
			ExecutionOrderSort2 (0ms)
			AwakeInstancesAfterBackupRestoration (29ms)
Platform modules already initialized, skipping
Refreshing native plugins compatible for Editor in 3.71 ms, found 3 plugins.
Preloading 0 native plugins for Editor in 0.00 ms.
Unloading 3621 Unused Serialized files (Serialized files now loaded: 0)
System memory in use before: 153.4 MB.
System memory in use after: 153.6 MB.

Unloading 21 unused Assets to reduce memory usage. Loaded Objects now: 4189.
Total: 7.193200 ms (FindLiveObjects: 0.499900 ms CreateObjectMapping: 0.301200 ms MarkObjects: 6.346200 ms  DeleteObjects: 0.044000 ms)

AssetImportParameters requested are different than current active one (requested -> active):
  custom:framework-win-MediaFoundation: 216162199b28c13a410421893ffa2e32 -> 
  custom:video-decoder-ogg-theora: a1e56fd34408186e4bbccfd4996cb3dc -> 
  custom:container-muxer-webm: aa71ff27fc2769a1b78a27578f13a17b -> 
  custom:container-demuxer-webm: 4f35f7cbe854078d1ac9338744f61a02 -> 
  custom:container-demuxer-ogg: 62fdf1f143b41e24485cea50d1cbac27 -> 
  custom:video-encoder-webm-vp8: eb34c28f22e8b96e1ab97ce403110664 -> 
  custom:video-decoder-webm-vp8: 9c59270c3fd7afecdb556c50c9e8de78 -> 
  custom:audio-decoder-ogg-vorbis: bf7c407c2cedff20999df2af8eb42d56 -> 
  custom:audio-encoder-webm-vorbis: bf7c407c2cedff20999df2af8eb42d56 -> 
========================================================================
Received Prepare
Registering precompiled user dll's ...
Registered in 0.019440 seconds.
Begin MonoManager ReloadAssembly
Native extension for WindowsStandalone target not found
Refreshing native plugins compatible for Editor in 3.41 ms, found 3 plugins.
Preloading 0 native plugins for Editor in 0.00 ms.
Mono: successfully reloaded assembly
- Completed reload, in  3.259 seconds
Domain Reload Profiling:
	ReloadAssembly (3260ms)
		BeginReloadAssembly (346ms)
			ExecutionOrderSort (0ms)
			DisableScriptedObjects (22ms)
			BackupInstance (0ms)
			ReleaseScriptingObjects (0ms)
			CreateAndSetChildDomain (125ms)
		EndReloadAssembly (2754ms)
			LoadAssemblies (289ms)
			RebuildTransferFunctionScriptingTraits (0ms)
			SetupTypeCache (960ms)
			ReleaseScriptCaches (3ms)
			RebuildScriptCaches (127ms)
			SetupLoadedEditorAssemblies (1011ms)
				LogAssemblyErrors (0ms)
				InitializePlatformSupportModulesInManaged (23ms)
				SetLoadedEditorAssemblies (2ms)
				RefreshPlugins (4ms)
				BeforeProcessingInitializeOnLoad (363ms)
				ProcessInitializeOnLoadAttributes (574ms)
				ProcessInitializeOnLoadMethodAttributes (25ms)
				AfterProcessingInitializeOnLoad (21ms)
				EditorAssembliesLoaded (0ms)
			ExecutionOrderSort2 (0ms)
			AwakeInstancesAfterBackupRestoration (31ms)
Platform modules already initialized, skipping
Refreshing native plugins compatible for Editor in 3.42 ms, found 3 plugins.
Preloading 0 native plugins for Editor in 0.00 ms.
Unloading 3621 Unused Serialized files (Serialized files now loaded: 0)
System memory in use before: 153.4 MB.
System memory in use after: 153.6 MB.

Unloading 21 unused Assets to reduce memory usage. Loaded Objects now: 4191.
Total: 8.260700 ms (FindLiveObjects: 0.581400 ms CreateObjectMapping: 0.380900 ms MarkObjects: 7.248100 ms  DeleteObjects: 0.048200 ms)

AssetImportParameters requested are different than current active one (requested -> active):
  custom:framework-win-MediaFoundation: 216162199b28c13a410421893ffa2e32 -> 
  custom:video-decoder-ogg-theora: a1e56fd34408186e4bbccfd4996cb3dc -> 
  custom:container-muxer-webm: aa71ff27fc2769a1b78a27578f13a17b -> 
  custom:container-demuxer-webm: 4f35f7cbe854078d1ac9338744f61a02 -> 
  custom:container-demuxer-ogg: 62fdf1f143b41e24485cea50d1cbac27 -> 
  custom:video-encoder-webm-vp8: eb34c28f22e8b96e1ab97ce403110664 -> 
  custom:video-decoder-webm-vp8: 9c59270c3fd7afecdb556c50c9e8de78 -> 
  custom:audio-decoder-ogg-vorbis: bf7c407c2cedff20999df2af8eb42d56 -> 
  custom:audio-encoder-webm-vorbis: bf7c407c2cedff20999df2af8eb42d56 -> 
========================================================================
Received Prepare
Registering precompiled user dll's ...
Registered in 0.036301 seconds.
Begin MonoManager ReloadAssembly
Native extension for WindowsStandalone target not found
Refreshing native plugins compatible for Editor in 3.70 ms, found 3 plugins.
Preloading 0 native plugins for Editor in 0.00 ms.
Mono: successfully reloaded assembly
- Completed reload, in  3.528 seconds
Domain Reload Profiling:
	ReloadAssembly (3529ms)
		BeginReloadAssembly (372ms)
			ExecutionOrderSort (0ms)
			DisableScriptedObjects (18ms)
			BackupInstance (0ms)
			ReleaseScriptingObjects (0ms)
			CreateAndSetChildDomain (120ms)
		EndReloadAssembly (2921ms)
			LoadAssemblies (320ms)
			RebuildTransferFunctionScriptingTraits (0ms)
			SetupTypeCache (1036ms)
			ReleaseScriptCaches (3ms)
			RebuildScriptCaches (166ms)
			SetupLoadedEditorAssemblies (1024ms)
				LogAssemblyErrors (0ms)
				InitializePlatformSupportModulesInManaged (15ms)
				SetLoadedEditorAssemblies (2ms)
				RefreshPlugins (4ms)
				BeforeProcessingInitializeOnLoad (321ms)
				ProcessInitializeOnLoadAttributes (621ms)
				ProcessInitializeOnLoadMethodAttributes (37ms)
				AfterProcessingInitializeOnLoad (25ms)
				EditorAssembliesLoaded (0ms)
			ExecutionOrderSort2 (0ms)
			AwakeInstancesAfterBackupRestoration (42ms)
Platform modules already initialized, skipping
Refreshing native plugins compatible for Editor in 3.29 ms, found 3 plugins.
Preloading 0 native plugins for Editor in 0.00 ms.
Unloading 3621 Unused Serialized files (Serialized files now loaded: 0)
System memory in use before: 153.4 MB.
System memory in use after: 153.6 MB.

Unloading 21 unused Assets to reduce memory usage. Loaded Objects now: 4193.
Total: 10.497300 ms (FindLiveObjects: 0.798800 ms CreateObjectMapping: 0.445500 ms MarkObjects: 9.180100 ms  DeleteObjects: 0.069500 ms)

AssetImportParameters requested are different than current active one (requested -> active):
  custom:framework-win-MediaFoundation: 216162199b28c13a410421893ffa2e32 -> 
  custom:video-decoder-ogg-theora: a1e56fd34408186e4bbccfd4996cb3dc -> 
  custom:container-muxer-webm: aa71ff27fc2769a1b78a27578f13a17b -> 
  custom:container-demuxer-webm: 4f35f7cbe854078d1ac9338744f61a02 -> 
  custom:container-demuxer-ogg: 62fdf1f143b41e24485cea50d1cbac27 -> 
  custom:video-encoder-webm-vp8: eb34c28f22e8b96e1ab97ce403110664 -> 
  custom:video-decoder-webm-vp8: 9c59270c3fd7afecdb556c50c9e8de78 -> 
  custom:audio-decoder-ogg-vorbis: bf7c407c2cedff20999df2af8eb42d56 -> 
  custom:audio-encoder-webm-vorbis: bf7c407c2cedff20999df2af8eb42d56 -> 
========================================================================
Received Prepare
Registering precompiled user dll's ...
Registered in 0.010235 seconds.
Begin MonoManager ReloadAssembly
Native extension for WindowsStandalone target not found
Refreshing native plugins compatible for Editor in 1.14 ms, found 3 plugins.
Preloading 0 native plugins for Editor in 0.00 ms.
Mono: successfully reloaded assembly
- Completed reload, in  1.152 seconds
Domain Reload Profiling:
	ReloadAssembly (1152ms)
		BeginReloadAssembly (108ms)
			ExecutionOrderSort (0ms)
			DisableScriptedObjects (6ms)
			BackupInstance (0ms)
			ReleaseScriptingObjects (0ms)
			CreateAndSetChildDomain (36ms)
		EndReloadAssembly (983ms)
			LoadAssemblies (119ms)
			RebuildTransferFunctionScriptingTraits (0ms)
			SetupTypeCache (363ms)
			ReleaseScriptCaches (1ms)
			RebuildScriptCaches (45ms)
			SetupLoadedEditorAssemblies (323ms)
				LogAssemblyErrors (0ms)
				InitializePlatformSupportModulesInManaged (4ms)
				SetLoadedEditorAssemblies (0ms)
				RefreshPlugins (1ms)
				BeforeProcessingInitializeOnLoad (98ms)
				ProcessInitializeOnLoadAttributes (203ms)
				ProcessInitializeOnLoadMethodAttributes (10ms)
				AfterProcessingInitializeOnLoad (7ms)
				EditorAssembliesLoaded (0ms)
			ExecutionOrderSort2 (0ms)
			AwakeInstancesAfterBackupRestoration (12ms)
Platform modules already initialized, skipping
Refreshing native plugins compatible for Editor in 2.18 ms, found 3 plugins.
Preloading 0 native plugins for Editor in 0.00 ms.
Unloading 3621 Unused Serialized files (Serialized files now loaded: 0)
System memory in use before: 153.4 MB.
System memory in use after: 153.6 MB.

Unloading 21 unused Assets to reduce memory usage. Loaded Objects now: 4195.
Total: 3.812000 ms (FindLiveObjects: 0.449000 ms CreateObjectMapping: 0.246300 ms MarkObjects: 3.093700 ms  DeleteObjects: 0.021900 ms)

AssetImportParameters requested are different than current active one (requested -> active):
  custom:framework-win-MediaFoundation: 216162199b28c13a410421893ffa2e32 -> 
  custom:video-decoder-ogg-theora: a1e56fd34408186e4bbccfd4996cb3dc -> 
  custom:container-muxer-webm: aa71ff27fc2769a1b78a27578f13a17b -> 
  custom:container-demuxer-webm: 4f35f7cbe854078d1ac9338744f61a02 -> 
  custom:container-demuxer-ogg: 62fdf1f143b41e24485cea50d1cbac27 -> 
  custom:video-encoder-webm-vp8: eb34c28f22e8b96e1ab97ce403110664 -> 
  custom:video-decoder-webm-vp8: 9c59270c3fd7afecdb556c50c9e8de78 -> 
  custom:audio-decoder-ogg-vorbis: bf7c407c2cedff20999df2af8eb42d56 -> 
  custom:audio-encoder-webm-vorbis: bf7c407c2cedff20999df2af8eb42d56 -> 
========================================================================
Received Import Request.
  Time since last request: 838.852664 seconds.
  path: Assets/Animations/Attack_Arrow_Down.anim
  artifactKey: Guid(a825de094b849814cbba8e5ff3093e53) Importer(815301076,1909f56bfc062723c751e8b465ee728b)
Start importing Assets/Animations/Attack_Arrow_Down.anim using Guid(a825de094b849814cbba8e5ff3093e53) Importer(815301076,1909f56bfc062723c751e8b465ee728b)  -> (artifact id: '84b99424e056007c5bebaa552e4b088c') in 0.026163 seconds 
  Import took 0.035022 seconds .

========================================================================
Received Import Request.
  Time since last request: 1.370927 seconds.
  path: Assets/Animations/Attack_Arrow_Left.anim
  artifactKey: Guid(1a859ab8d63fe5f4fab8f3f511d41027) Importer(815301076,1909f56bfc062723c751e8b465ee728b)
Start importing Assets/Animations/Attack_Arrow_Left.anim using Guid(1a859ab8d63fe5f4fab8f3f511d41027) Importer(815301076,1909f56bfc062723c751e8b465ee728b)  -> (artifact id: 'ce30d944d4b139fea529479f7557084c') in 0.009165 seconds 
  Import took 0.017884 seconds .

========================================================================
Received Import Request.
  Time since last request: 0.415218 seconds.
  path: Assets/Animations/Attack_Arrow_Right.anim
  artifactKey: Guid(137ecebfde07c7f479bd1ce11237b6e7) Importer(815301076,1909f56bfc062723c751e8b465ee728b)
Start importing Assets/Animations/Attack_Arrow_Right.anim using Guid(137ecebfde07c7f479bd1ce11237b6e7) Importer(815301076,1909f56bfc062723c751e8b465ee728b)  -> (artifact id: '9a3a165a01caa0720f9170ba4f3b2359') in 0.009385 seconds 
  Import took 0.019050 seconds .

========================================================================
Received Import Request.
  Time since last request: 0.339002 seconds.
  path: Assets/Animations/Attack_Arrow_Up.anim
  artifactKey: Guid(0d693ba5e86f4dd478c82e3de7636da7) Importer(815301076,1909f56bfc062723c751e8b465ee728b)
Start importing Assets/Animations/Attack_Arrow_Up.anim using Guid(0d693ba5e86f4dd478c82e3de7636da7) Importer(815301076,1909f56bfc062723c751e8b465ee728b)  -> (artifact id: '8c9e7208c6179349d7eaf5e07e3e0006') in 0.007009 seconds 
  Import took 0.014691 seconds .

========================================================================
Received Import Request.
  Time since last request: 51.280315 seconds.
  path: Assets/Animations/Player.controller
  artifactKey: Guid(3a5eedb00b63df547b444ee51207c84f) Importer(815301076,1909f56bfc062723c751e8b465ee728b)
Start importing Assets/Animations/Player.controller using Guid(3a5eedb00b63df547b444ee51207c84f) Importer(815301076,1909f56bfc062723c751e8b465ee728b)  -> (artifact id: '28062bf7cfe20c6169611ecfc4496c29') in 0.075614 seconds 
  Import took 0.104662 seconds .

========================================================================
Received Prepare
Registering precompiled user dll's ...
Registered in 0.020436 seconds.
Begin MonoManager ReloadAssembly
Native extension for WindowsStandalone target not found
Refreshing native plugins compatible for Editor in 3.06 ms, found 3 plugins.
Preloading 0 native plugins for Editor in 0.00 ms.
Mono: successfully reloaded assembly
- Completed reload, in  2.757 seconds
Domain Reload Profiling:
	ReloadAssembly (2759ms)
		BeginReloadAssembly (348ms)
			ExecutionOrderSort (0ms)
			DisableScriptedObjects (30ms)
			BackupInstance (0ms)
			ReleaseScriptingObjects (0ms)
			CreateAndSetChildDomain (132ms)
		EndReloadAssembly (2247ms)
			LoadAssemblies (241ms)
			RebuildTransferFunctionScriptingTraits (0ms)
			SetupTypeCache (677ms)
			ReleaseScriptCaches (3ms)
			RebuildScriptCaches (129ms)
			SetupLoadedEditorAssemblies (861ms)
				LogAssemblyErrors (0ms)
				InitializePlatformSupportModulesInManaged (10ms)
				SetLoadedEditorAssemblies (1ms)
				RefreshPlugins (3ms)
				BeforeProcessingInitializeOnLoad (243ms)
				ProcessInitializeOnLoadAttributes (553ms)
				ProcessInitializeOnLoadMethodAttributes (35ms)
				AfterProcessingInitializeOnLoad (16ms)
				EditorAssembliesLoaded (0ms)
			ExecutionOrderSort2 (0ms)
			AwakeInstancesAfterBackupRestoration (31ms)
Platform modules already initialized, skipping
Refreshing native plugins compatible for Editor in 3.03 ms, found 3 plugins.
Preloading 0 native plugins for Editor in 0.00 ms.
Unloading 3621 Unused Serialized files (Serialized files now loaded: 0)
System memory in use before: 153.4 MB.
System memory in use after: 153.6 MB.

Unloading 21 unused Assets to reduce memory usage. Loaded Objects now: 4197.
Total: 8.942500 ms (FindLiveObjects: 0.672700 ms CreateObjectMapping: 0.354100 ms MarkObjects: 7.867300 ms  DeleteObjects: 0.046300 ms)

AssetImportParameters requested are different than current active one (requested -> active):
  custom:framework-win-MediaFoundation: 216162199b28c13a410421893ffa2e32 -> 
  custom:video-decoder-ogg-theora: a1e56fd34408186e4bbccfd4996cb3dc -> 
  custom:container-muxer-webm: aa71ff27fc2769a1b78a27578f13a17b -> 
  custom:container-demuxer-webm: 4f35f7cbe854078d1ac9338744f61a02 -> 
  custom:container-demuxer-ogg: 62fdf1f143b41e24485cea50d1cbac27 -> 
  custom:video-encoder-webm-vp8: eb34c28f22e8b96e1ab97ce403110664 -> 
  custom:video-decoder-webm-vp8: 9c59270c3fd7afecdb556c50c9e8de78 -> 
  custom:audio-decoder-ogg-vorbis: bf7c407c2cedff20999df2af8eb42d56 -> 
  custom:audio-encoder-webm-vorbis: bf7c407c2cedff20999df2af8eb42d56 -> 
========================================================================
Received Prepare
Registering precompiled user dll's ...
Registered in 0.011839 seconds.
Begin MonoManager ReloadAssembly
Native extension for WindowsStandalone target not found
Refreshing native plugins compatible for Editor in 1.40 ms, found 3 plugins.
Preloading 0 native plugins for Editor in 0.00 ms.
Mono: successfully reloaded assembly
- Completed reload, in  1.311 seconds
Domain Reload Profiling:
	ReloadAssembly (1311ms)
		BeginReloadAssembly (131ms)
			ExecutionOrderSort (0ms)
			DisableScriptedObjects (7ms)
			BackupInstance (0ms)
			ReleaseScriptingObjects (0ms)
			CreateAndSetChildDomain (40ms)
		EndReloadAssembly (1084ms)
			LoadAssemblies (126ms)
			RebuildTransferFunctionScriptingTraits (0ms)
			SetupTypeCache (364ms)
			ReleaseScriptCaches (1ms)
			RebuildScriptCaches (54ms)
			SetupLoadedEditorAssemblies (417ms)
				LogAssemblyErrors (0ms)
				InitializePlatformSupportModulesInManaged (10ms)
				SetLoadedEditorAssemblies (1ms)
				RefreshPlugins (1ms)
				BeforeProcessingInitializeOnLoad (148ms)
				ProcessInitializeOnLoadAttributes (235ms)
				ProcessInitializeOnLoadMethodAttributes (13ms)
				AfterProcessingInitializeOnLoad (8ms)
				EditorAssembliesLoaded (0ms)
			ExecutionOrderSort2 (0ms)
			AwakeInstancesAfterBackupRestoration (14ms)
Platform modules already initialized, skipping
Refreshing native plugins compatible for Editor in 2.47 ms, found 3 plugins.
Preloading 0 native plugins for Editor in 0.00 ms.
Unloading 3621 Unused Serialized files (Serialized files now loaded: 0)
System memory in use before: 153.4 MB.
System memory in use after: 153.6 MB.

Unloading 21 unused Assets to reduce memory usage. Loaded Objects now: 4199.
Total: 4.629100 ms (FindLiveObjects: 0.409100 ms CreateObjectMapping: 0.246000 ms MarkObjects: 3.947900 ms  DeleteObjects: 0.025000 ms)

AssetImportParameters requested are different than current active one (requested -> active):
  custom:framework-win-MediaFoundation: 216162199b28c13a410421893ffa2e32 -> 
  custom:video-decoder-ogg-theora: a1e56fd34408186e4bbccfd4996cb3dc -> 
  custom:container-muxer-webm: aa71ff27fc2769a1b78a27578f13a17b -> 
  custom:container-demuxer-webm: 4f35f7cbe854078d1ac9338744f61a02 -> 
  custom:container-demuxer-ogg: 62fdf1f143b41e24485cea50d1cbac27 -> 
  custom:video-encoder-webm-vp8: eb34c28f22e8b96e1ab97ce403110664 -> 
  custom:video-decoder-webm-vp8: 9c59270c3fd7afecdb556c50c9e8de78 -> 
  custom:audio-decoder-ogg-vorbis: bf7c407c2cedff20999df2af8eb42d56 -> 
  custom:audio-encoder-webm-vorbis: bf7c407c2cedff20999df2af8eb42d56 -> 
AssetImportWorkerClient::OnTransportError - code=2 error=End of file
