Using pre-set license
Built from '2020.3/staging' branch; Version is '2020.3.22f1 (e1a7f79fd887) revision 14788599'; Using compiler version '192528614'; Build Type 'Release'
OS: 'Windows 10 Home; OS build 19043.1348; Version 2009; 64bit' Language: 'it' Physical Memory: 8067 MB
BatchMode: 1, IsHumanControllingUs: 0, StartBugReporterOnCrash: 0, Is64bit: 1, IsPro: 0

COMMAND LINE ARGUMENTS:
C:\Program Files\Unity\Hub\Editor\2020.3.22f1\Editor\Unity.exe
-adb2
-batchMode
-noUpm
-name
AssetImportWorker2
-projectPath
C:/Users/Administrator/Desktop/Pagans
-logFile
Logs/AssetImportWorker2.log
-srvPort
58578
Successfully changed project path to: C:/Users/Administrator/Desktop/Pagans
C:/Users/Administrator/Desktop/Pagans
Using Asset Import Pipeline V2.
Refreshing native plugins compatible for Editor in 309.89 ms, found 3 plugins.
Preloading 0 native plugins for Editor in 0.00 ms.
Initialize engine version: 2020.3.22f1 (e1a7f79fd887)
[Subsystems] Discovering subsystems at path C:/Program Files/Unity/Hub/Editor/2020.3.22f1/Editor/Data/Resources/UnitySubsystems
[Subsystems] Discovering subsystems at path C:/Users/Administrator/Desktop/Pagans/Assets
GfxDevice: creating device client; threaded=0
Direct3D:
    Version:  Direct3D 11.0 [level 11.0]
    Renderer: NVIDIA GeForce MX130 (ID=0x174d)
    Vendor:   
    VRAM:     2020 MB
    Driver:   23.21.13.8873
Initialize mono
Mono path[0] = 'C:/Program Files/Unity/Hub/Editor/2020.3.22f1/Editor/Data/Managed'
Mono path[1] = 'C:/Program Files/Unity/Hub/Editor/2020.3.22f1/Editor/Data/MonoBleedingEdge/lib/mono/unityjit'
Mono config path = 'C:/Program Files/Unity/Hub/Editor/2020.3.22f1/Editor/Data/MonoBleedingEdge/etc'
Using monoOptions --debugger-agent=transport=dt_socket,embedding=1,server=y,suspend=n,address=127.0.0.1:56304
Begin MonoManager ReloadAssembly
Registering precompiled unity dll's ...
Register platform support module: C:/Program Files/Unity/Hub/Editor/2020.3.22f1/Editor/Data/PlaybackEngines/WindowsStandaloneSupport/UnityEditor.WindowsStandalone.Extensions.dll
Registered in 0.012042 seconds.
Native extension for WindowsStandalone target not found
Refreshing native plugins compatible for Editor in 338.09 ms, found 3 plugins.
Preloading 0 native plugins for Editor in 0.00 ms.
Mono: successfully reloaded assembly
- Completed reload, in  3.554 seconds
Domain Reload Profiling:
	ReloadAssembly (3555ms)
		BeginReloadAssembly (131ms)
			ExecutionOrderSort (0ms)
			DisableScriptedObjects (0ms)
			BackupInstance (0ms)
			ReleaseScriptingObjects (0ms)
			CreateAndSetChildDomain (2ms)
		EndReloadAssembly (1595ms)
			LoadAssemblies (127ms)
			RebuildTransferFunctionScriptingTraits (0ms)
			SetupTypeCache (439ms)
			ReleaseScriptCaches (0ms)
			RebuildScriptCaches (69ms)
			SetupLoadedEditorAssemblies (777ms)
				LogAssemblyErrors (0ms)
				InitializePlatformSupportModulesInManaged (9ms)
				SetLoadedEditorAssemblies (0ms)
				RefreshPlugins (338ms)
				BeforeProcessingInitializeOnLoad (39ms)
				ProcessInitializeOnLoadAttributes (302ms)
				ProcessInitializeOnLoadMethodAttributes (88ms)
				AfterProcessingInitializeOnLoad (0ms)
				EditorAssembliesLoaded (1ms)
			ExecutionOrderSort2 (0ms)
			AwakeInstancesAfterBackupRestoration (0ms)
Platform modules already initialized, skipping
Registering precompiled user dll's ...
Registered in 0.039937 seconds.
Begin MonoManager ReloadAssembly
Native extension for WindowsStandalone target not found
Refreshing native plugins compatible for Editor in 301.55 ms, found 3 plugins.
Preloading 0 native plugins for Editor in 0.00 ms.
Mono: successfully reloaded assembly
- Completed reload, in  3.958 seconds
Domain Reload Profiling:
	ReloadAssembly (3960ms)
		BeginReloadAssembly (366ms)
			ExecutionOrderSort (0ms)
			DisableScriptedObjects (10ms)
			BackupInstance (0ms)
			ReleaseScriptingObjects (0ms)
			CreateAndSetChildDomain (42ms)
		EndReloadAssembly (3435ms)
			LoadAssemblies (249ms)
			RebuildTransferFunctionScriptingTraits (0ms)
			SetupTypeCache (988ms)
			ReleaseScriptCaches (1ms)
			RebuildScriptCaches (156ms)
			SetupLoadedEditorAssemblies (1702ms)
				LogAssemblyErrors (0ms)
				InitializePlatformSupportModulesInManaged (11ms)
				SetLoadedEditorAssemblies (0ms)
				RefreshPlugins (302ms)
				BeforeProcessingInitializeOnLoad (296ms)
				ProcessInitializeOnLoadAttributes (1035ms)
				ProcessInitializeOnLoadMethodAttributes (39ms)
				AfterProcessingInitializeOnLoad (18ms)
				EditorAssembliesLoaded (0ms)
			ExecutionOrderSort2 (0ms)
			AwakeInstancesAfterBackupRestoration (15ms)
Platform modules already initialized, skipping
========================================================================
Worker process is ready to serve import requests
Launched and connected shader compiler UnityShaderCompiler.exe after 0.30 seconds
Refreshing native plugins compatible for Editor in 2.16 ms, found 3 plugins.
Preloading 0 native plugins for Editor in 0.00 ms.
Unloading 3750 Unused Serialized files (Serialized files now loaded: 0)
System memory in use before: 161.3 MB.
System memory in use after: 161.5 MB.

Unloading 32 unused Assets to reduce memory usage. Loaded Objects now: 4187.
Total: 8.080300 ms (FindLiveObjects: 0.537600 ms CreateObjectMapping: 0.378200 ms MarkObjects: 6.988000 ms  DeleteObjects: 0.174000 ms)

AssetImportParameters requested are different than current active one (requested -> active):
  custom:framework-win-MediaFoundation: 216162199b28c13a410421893ffa2e32 -> 
  custom:video-decoder-ogg-theora: a1e56fd34408186e4bbccfd4996cb3dc -> 
  custom:container-muxer-webm: aa71ff27fc2769a1b78a27578f13a17b -> 
  custom:container-demuxer-webm: 4f35f7cbe854078d1ac9338744f61a02 -> 
  custom:container-demuxer-ogg: 62fdf1f143b41e24485cea50d1cbac27 -> 
  custom:video-encoder-webm-vp8: eb34c28f22e8b96e1ab97ce403110664 -> 
  custom:video-decoder-webm-vp8: 9c59270c3fd7afecdb556c50c9e8de78 -> 
  custom:audio-decoder-ogg-vorbis: bf7c407c2cedff20999df2af8eb42d56 -> 
  custom:audio-encoder-webm-vorbis: bf7c407c2cedff20999df2af8eb42d56 -> 
========================================================================
Received Import Request.
  path: Assets/Art/Spritesheets/main/sword/down/attack1.png
  artifactKey: Guid(915eb81ff88f3044d97b9afd2fb9d8bb) Importer(815301076,1909f56bfc062723c751e8b465ee728b)
Start importing Assets/Art/Spritesheets/main/sword/down/attack1.png using Guid(915eb81ff88f3044d97b9afd2fb9d8bb) Importer(815301076,1909f56bfc062723c751e8b465ee728b)  -> (artifact id: '75b84c19d70959e141fbbdd2c3039d82') in 0.389892 seconds 
  Import took 0.410077 seconds .

========================================================================
Received Import Request.
  Time since last request: 1080.987971 seconds.
  path: Assets/Art/Spritesheets/main/sword
  artifactKey: Guid(c79545aaf21f6ef47879846f84f4cfff) Importer(815301076,1909f56bfc062723c751e8b465ee728b)
Start importing Assets/Art/Spritesheets/main/sword using Guid(c79545aaf21f6ef47879846f84f4cfff) Importer(815301076,1909f56bfc062723c751e8b465ee728b)  -> (artifact id: '1db598e66ecddfc696022890630cde68') in 0.033702 seconds 
  Import took 0.060100 seconds .

========================================================================
Received Import Request.
  Time since last request: 2.310604 seconds.
  path: Assets/Art/Spritesheets/main/sword/right
  artifactKey: Guid(6d62315fee30df7478791e20cc072843) Importer(815301076,1909f56bfc062723c751e8b465ee728b)
Start importing Assets/Art/Spritesheets/main/sword/right using Guid(6d62315fee30df7478791e20cc072843) Importer(815301076,1909f56bfc062723c751e8b465ee728b)  -> (artifact id: '880a05b132621a3e2652b1a63c567177') in 0.019581 seconds 
  Import took 0.033320 seconds .

========================================================================
Received Import Request.
  Time since last request: 0.043221 seconds.
  path: Assets/Art/Spritesheets/main/sword/right/attack-right-sword1.png
  artifactKey: Guid(04af5d3ffe5bfa348baa05e700030615) Importer(815301076,1909f56bfc062723c751e8b465ee728b)
Start importing Assets/Art/Spritesheets/main/sword/right/attack-right-sword1.png using Guid(04af5d3ffe5bfa348baa05e700030615) Importer(815301076,1909f56bfc062723c751e8b465ee728b)  -> (artifact id: '05868453166954932331cb30ad880fd6') in 0.052580 seconds 
  Import took 0.069826 seconds .

========================================================================
Received Import Request.
  Time since last request: 0.000385 seconds.
  path: Assets/Art/Spritesheets/main/sword/right/attack-right-sword2.png
  artifactKey: Guid(3b4c4a2d25cf24245abe39d93a19d062) Importer(815301076,1909f56bfc062723c751e8b465ee728b)
Start importing Assets/Art/Spritesheets/main/sword/right/attack-right-sword2.png using Guid(3b4c4a2d25cf24245abe39d93a19d062) Importer(815301076,1909f56bfc062723c751e8b465ee728b)  -> (artifact id: 'aea59677e33ec9d5637756360347be00') in 0.034487 seconds 
  Import took 0.049214 seconds .

========================================================================
Received Import Request.
  Time since last request: 0.000377 seconds.
  path: Assets/Art/Spritesheets/main/sword/right/attack-right-sword3.png
  artifactKey: Guid(9e62c16ae0ba0c24da65aa233c35b39b) Importer(815301076,1909f56bfc062723c751e8b465ee728b)
Start importing Assets/Art/Spritesheets/main/sword/right/attack-right-sword3.png using Guid(9e62c16ae0ba0c24da65aa233c35b39b) Importer(815301076,1909f56bfc062723c751e8b465ee728b)  -> (artifact id: 'e4dd2d6822f4b9a04551cc947dd05b06') in 0.033561 seconds 
  Import took 0.048479 seconds .

========================================================================
Received Import Request.
  Time since last request: 0.000476 seconds.
  path: Assets/Art/Spritesheets/main/sword/right/attack-right-sword4.png
  artifactKey: Guid(860db10da6118a94cbaadaf26a85f7a3) Importer(815301076,1909f56bfc062723c751e8b465ee728b)
Start importing Assets/Art/Spritesheets/main/sword/right/attack-right-sword4.png using Guid(860db10da6118a94cbaadaf26a85f7a3) Importer(815301076,1909f56bfc062723c751e8b465ee728b)  -> (artifact id: '572103e73a1284319dda4a4cdee89cac') in 0.032925 seconds 
  Import took 0.046349 seconds .

========================================================================
Received Import Request.
  Time since last request: 11.793470 seconds.
  path: Assets/Art/Spritesheets/main/sword/right/attack-right-sword1.png
  artifactKey: Guid(04af5d3ffe5bfa348baa05e700030615) Importer(815301076,1909f56bfc062723c751e8b465ee728b)
Start importing Assets/Art/Spritesheets/main/sword/right/attack-right-sword1.png using Guid(04af5d3ffe5bfa348baa05e700030615) Importer(815301076,1909f56bfc062723c751e8b465ee728b)  -> (artifact id: '5bd840fba8261a64e8a912af3394159d') in 0.031024 seconds 
  Import took 0.046669 seconds .

========================================================================
Received Import Request.
  Time since last request: 0.000486 seconds.
  path: Assets/Art/Spritesheets/main/sword/right/attack-right-sword2.png
  artifactKey: Guid(3b4c4a2d25cf24245abe39d93a19d062) Importer(815301076,1909f56bfc062723c751e8b465ee728b)
Start importing Assets/Art/Spritesheets/main/sword/right/attack-right-sword2.png using Guid(3b4c4a2d25cf24245abe39d93a19d062) Importer(815301076,1909f56bfc062723c751e8b465ee728b)  -> (artifact id: 'b0bd1e836b58b5f8528e3a3c93e672c0') in 0.033189 seconds 
  Import took 0.048552 seconds .

========================================================================
Received Import Request.
  Time since last request: 0.000489 seconds.
  path: Assets/Art/Spritesheets/main/sword/right/attack-right-sword3.png
  artifactKey: Guid(9e62c16ae0ba0c24da65aa233c35b39b) Importer(815301076,1909f56bfc062723c751e8b465ee728b)
Start importing Assets/Art/Spritesheets/main/sword/right/attack-right-sword3.png using Guid(9e62c16ae0ba0c24da65aa233c35b39b) Importer(815301076,1909f56bfc062723c751e8b465ee728b)  -> (artifact id: '22d6501582272768178177a1f9a98dd6') in 0.034052 seconds 
  Import took 0.052491 seconds .

========================================================================
Received Import Request.
  Time since last request: 0.000503 seconds.
  path: Assets/Art/Spritesheets/main/sword/right/attack-right-sword4.png
  artifactKey: Guid(860db10da6118a94cbaadaf26a85f7a3) Importer(815301076,1909f56bfc062723c751e8b465ee728b)
Start importing Assets/Art/Spritesheets/main/sword/right/attack-right-sword4.png using Guid(860db10da6118a94cbaadaf26a85f7a3) Importer(815301076,1909f56bfc062723c751e8b465ee728b)  -> (artifact id: 'c760d98e327659c0db46391f2c109624') in 0.035928 seconds 
  Import took 0.054558 seconds .

========================================================================
Received Import Request.
  Time since last request: 1.507563 seconds.
  path: Assets/Art/Spritesheets/main/sword/up
  artifactKey: Guid(160eaf57bcde7be4db2eedfbcf73f772) Importer(815301076,1909f56bfc062723c751e8b465ee728b)
Start importing Assets/Art/Spritesheets/main/sword/up using Guid(160eaf57bcde7be4db2eedfbcf73f772) Importer(815301076,1909f56bfc062723c751e8b465ee728b)  -> (artifact id: '92a0b82e43d3c05fb7d3fe7c3877c31d') in 0.017808 seconds 
  Import took 0.032704 seconds .

========================================================================
Received Import Request.
  Time since last request: 0.048888 seconds.
  path: Assets/Art/Spritesheets/main/sword/up/attack-up-sword1.png
  artifactKey: Guid(3fbcedec2f8166b469af08524ec7b2c5) Importer(815301076,1909f56bfc062723c751e8b465ee728b)
Start importing Assets/Art/Spritesheets/main/sword/up/attack-up-sword1.png using Guid(3fbcedec2f8166b469af08524ec7b2c5) Importer(815301076,1909f56bfc062723c751e8b465ee728b)  -> (artifact id: '2ef7a49ccaf35a029fd8789b56a82a24') in 0.035222 seconds 
  Import took 0.051501 seconds .

========================================================================
Received Import Request.
  Time since last request: 0.000520 seconds.
  path: Assets/Art/Spritesheets/main/sword/up/attack-up-sword3.png
  artifactKey: Guid(a1519ab84444e034a87ae80dcae578be) Importer(815301076,1909f56bfc062723c751e8b465ee728b)
Start importing Assets/Art/Spritesheets/main/sword/up/attack-up-sword3.png using Guid(a1519ab84444e034a87ae80dcae578be) Importer(815301076,1909f56bfc062723c751e8b465ee728b)  -> (artifact id: '208489ae6accb100f103f33fe8063b94') in 0.035458 seconds 
  Import took 0.048128 seconds .

========================================================================
Received Import Request.
  Time since last request: 0.000518 seconds.
  path: Assets/Art/Spritesheets/main/sword/up/attack-up-sword2.png
  artifactKey: Guid(956bf1c04e240e44097ccff2b138ccf3) Importer(815301076,1909f56bfc062723c751e8b465ee728b)
Start importing Assets/Art/Spritesheets/main/sword/up/attack-up-sword2.png using Guid(956bf1c04e240e44097ccff2b138ccf3) Importer(815301076,1909f56bfc062723c751e8b465ee728b)  -> (artifact id: '9c671f690c98d744952c2e1ca89a5160') in 0.033423 seconds 
  Import took 0.045009 seconds .

========================================================================
Received Import Request.
  Time since last request: 0.000621 seconds.
  path: Assets/Art/Spritesheets/main/sword/up/attack-up-sword4.png
  artifactKey: Guid(199b01e3a67aafe4bb003310503317ef) Importer(815301076,1909f56bfc062723c751e8b465ee728b)
Start importing Assets/Art/Spritesheets/main/sword/up/attack-up-sword4.png using Guid(199b01e3a67aafe4bb003310503317ef) Importer(815301076,1909f56bfc062723c751e8b465ee728b)  -> (artifact id: 'ef90bbd84245c40ac41e99da01312deb') in 0.034454 seconds 
  Import took 0.046860 seconds .

========================================================================
Received Import Request.
  Time since last request: 10.112822 seconds.
  path: Assets/Art/Spritesheets/main/sword/up/attack-up-sword1.png
  artifactKey: Guid(3fbcedec2f8166b469af08524ec7b2c5) Importer(815301076,1909f56bfc062723c751e8b465ee728b)
Start importing Assets/Art/Spritesheets/main/sword/up/attack-up-sword1.png using Guid(3fbcedec2f8166b469af08524ec7b2c5) Importer(815301076,1909f56bfc062723c751e8b465ee728b)  -> (artifact id: 'd68a43357f3d5572a31c29dac03cc706') in 0.033588 seconds 
  Import took 0.048865 seconds .

========================================================================
Received Import Request.
  Time since last request: 0.000617 seconds.
  path: Assets/Art/Spritesheets/main/sword/up/attack-up-sword3.png
  artifactKey: Guid(a1519ab84444e034a87ae80dcae578be) Importer(815301076,1909f56bfc062723c751e8b465ee728b)
Start importing Assets/Art/Spritesheets/main/sword/up/attack-up-sword3.png using Guid(a1519ab84444e034a87ae80dcae578be) Importer(815301076,1909f56bfc062723c751e8b465ee728b)  -> (artifact id: '71212357f3457f19dc4595a5819051e6') in 0.030311 seconds 
  Import took 0.047890 seconds .

========================================================================
Received Import Request.
  Time since last request: 0.000409 seconds.
  path: Assets/Art/Spritesheets/main/sword/up/attack-up-sword2.png
  artifactKey: Guid(956bf1c04e240e44097ccff2b138ccf3) Importer(815301076,1909f56bfc062723c751e8b465ee728b)
Start importing Assets/Art/Spritesheets/main/sword/up/attack-up-sword2.png using Guid(956bf1c04e240e44097ccff2b138ccf3) Importer(815301076,1909f56bfc062723c751e8b465ee728b)  -> (artifact id: '94c070e67259edddbfbdce6b71dfce4d') in 0.028380 seconds 
  Import took 0.053026 seconds .

========================================================================
Received Import Request.
  Time since last request: 0.000377 seconds.
  path: Assets/Art/Spritesheets/main/sword/up/attack-up-sword4.png
  artifactKey: Guid(199b01e3a67aafe4bb003310503317ef) Importer(815301076,1909f56bfc062723c751e8b465ee728b)
Start importing Assets/Art/Spritesheets/main/sword/up/attack-up-sword4.png using Guid(199b01e3a67aafe4bb003310503317ef) Importer(815301076,1909f56bfc062723c751e8b465ee728b)  -> (artifact id: 'cd23cca368c85f32ab031b16c570490e') in 0.037642 seconds 
  Import took 0.054649 seconds .

========================================================================
Received Import Request.
  Time since last request: 1.027252 seconds.
  path: Assets/Art/Spritesheets/main/sword/left
  artifactKey: Guid(eb230453874343744be902fca2de15e3) Importer(815301076,1909f56bfc062723c751e8b465ee728b)
Start importing Assets/Art/Spritesheets/main/sword/left using Guid(eb230453874343744be902fca2de15e3) Importer(815301076,1909f56bfc062723c751e8b465ee728b)  -> (artifact id: 'c23c80b49f1ae73535752b3cf864388a') in 0.018007 seconds 
  Import took 0.032352 seconds .

========================================================================
Received Import Request.
  Time since last request: 0.110307 seconds.
  path: Assets/Art/Spritesheets/main/sword/left/attack-left-sword1.png
  artifactKey: Guid(1cb07df77e0d1454ba426a9212bbe637) Importer(815301076,1909f56bfc062723c751e8b465ee728b)
Start importing Assets/Art/Spritesheets/main/sword/left/attack-left-sword1.png using Guid(1cb07df77e0d1454ba426a9212bbe637) Importer(815301076,1909f56bfc062723c751e8b465ee728b)  -> (artifact id: '5ed1f52e5c4911ae4b2228d36d046299') in 0.058373 seconds 
  Import took 0.083231 seconds .

========================================================================
Received Import Request.
  Time since last request: 0.000757 seconds.
  path: Assets/Art/Spritesheets/main/sword/left/attack-left-sword3.png
  artifactKey: Guid(48f9177fc30f9cf42b1db95836f64a4e) Importer(815301076,1909f56bfc062723c751e8b465ee728b)
Start importing Assets/Art/Spritesheets/main/sword/left/attack-left-sword3.png using Guid(48f9177fc30f9cf42b1db95836f64a4e) Importer(815301076,1909f56bfc062723c751e8b465ee728b)  -> (artifact id: '1725e89a2ec67924c076b37fc7e9e87b') in 0.045327 seconds 
  Import took 0.062661 seconds .

========================================================================
Received Import Request.
  Time since last request: 0.000399 seconds.
  path: Assets/Art/Spritesheets/main/sword/left/attack-left-sword2.png
  artifactKey: Guid(5753ee75d9bf7cf4a8667da64202eed2) Importer(815301076,1909f56bfc062723c751e8b465ee728b)
Start importing Assets/Art/Spritesheets/main/sword/left/attack-left-sword2.png using Guid(5753ee75d9bf7cf4a8667da64202eed2) Importer(815301076,1909f56bfc062723c751e8b465ee728b)  -> (artifact id: '7463ba14b7560fcc3c1accabf386fa1b') in 0.034122 seconds 
  Import took 0.049229 seconds .

========================================================================
Received Import Request.
  Time since last request: 0.000421 seconds.
  path: Assets/Art/Spritesheets/main/sword/left/attack-left-sword4.png
  artifactKey: Guid(cbc10d27439c48345bc71df2c41aedb3) Importer(815301076,1909f56bfc062723c751e8b465ee728b)
Start importing Assets/Art/Spritesheets/main/sword/left/attack-left-sword4.png using Guid(cbc10d27439c48345bc71df2c41aedb3) Importer(815301076,1909f56bfc062723c751e8b465ee728b)  -> (artifact id: '68eac8ff7aba05804f93044848c517a5') in 0.033327 seconds 
  Import took 0.045850 seconds .

========================================================================
Received Import Request.
  Time since last request: 0.911601 seconds.
  path: Assets/Art/Spritesheets/main/sword/left/attack-left-sword.aseprite
  artifactKey: Guid(20b9730f4ad80974bba409192d651909) Importer(815301076,1909f56bfc062723c751e8b465ee728b)
Start importing Assets/Art/Spritesheets/main/sword/left/attack-left-sword.aseprite using Guid(20b9730f4ad80974bba409192d651909) Importer(815301076,1909f56bfc062723c751e8b465ee728b)  -> (artifact id: '4adc221e70eb40a108c6447687c2c2f5') in 0.024263 seconds 
  Import took 0.039424 seconds .

========================================================================
Received Import Request.
  Time since last request: 12.141653 seconds.
  path: Assets/Art/Spritesheets/main/sword/left/attack-left-sword1.png
  artifactKey: Guid(1cb07df77e0d1454ba426a9212bbe637) Importer(815301076,1909f56bfc062723c751e8b465ee728b)
Start importing Assets/Art/Spritesheets/main/sword/left/attack-left-sword1.png using Guid(1cb07df77e0d1454ba426a9212bbe637) Importer(815301076,1909f56bfc062723c751e8b465ee728b)  -> (artifact id: 'ddd7eb7e3270fd20d5f142ea2b70ed83') in 0.031203 seconds 
  Import took 0.046795 seconds .

========================================================================
Received Import Request.
  Time since last request: 0.000435 seconds.
  path: Assets/Art/Spritesheets/main/sword/left/attack-left-sword3.png
  artifactKey: Guid(48f9177fc30f9cf42b1db95836f64a4e) Importer(815301076,1909f56bfc062723c751e8b465ee728b)
Start importing Assets/Art/Spritesheets/main/sword/left/attack-left-sword3.png using Guid(48f9177fc30f9cf42b1db95836f64a4e) Importer(815301076,1909f56bfc062723c751e8b465ee728b)  -> (artifact id: 'a5403d08150344a8759693705027a2b2') in 0.030334 seconds 
  Import took 0.043224 seconds .

========================================================================
Received Import Request.
  Time since last request: 0.000430 seconds.
  path: Assets/Art/Spritesheets/main/sword/left/attack-left-sword2.png
  artifactKey: Guid(5753ee75d9bf7cf4a8667da64202eed2) Importer(815301076,1909f56bfc062723c751e8b465ee728b)
Start importing Assets/Art/Spritesheets/main/sword/left/attack-left-sword2.png using Guid(5753ee75d9bf7cf4a8667da64202eed2) Importer(815301076,1909f56bfc062723c751e8b465ee728b)  -> (artifact id: '0672af65842bb65852a4ab69164a1160') in 0.029088 seconds 
  Import took 0.045509 seconds .

========================================================================
Received Import Request.
  Time since last request: 0.000410 seconds.
  path: Assets/Art/Spritesheets/main/sword/left/attack-left-sword4.png
  artifactKey: Guid(cbc10d27439c48345bc71df2c41aedb3) Importer(815301076,1909f56bfc062723c751e8b465ee728b)
Start importing Assets/Art/Spritesheets/main/sword/left/attack-left-sword4.png using Guid(cbc10d27439c48345bc71df2c41aedb3) Importer(815301076,1909f56bfc062723c751e8b465ee728b)  -> (artifact id: 'ec10c22b57623bf4a33491e632bd92e9') in 0.029507 seconds 
  Import took 0.045043 seconds .

========================================================================
Received Prepare
Registering precompiled user dll's ...
Registered in 0.019340 seconds.
Begin MonoManager ReloadAssembly
Native extension for WindowsStandalone target not found
Refreshing native plugins compatible for Editor in 2.62 ms, found 3 plugins.
Preloading 0 native plugins for Editor in 0.00 ms.
Mono: successfully reloaded assembly
- Completed reload, in  2.631 seconds
Domain Reload Profiling:
	ReloadAssembly (2632ms)
		BeginReloadAssembly (241ms)
			ExecutionOrderSort (0ms)
			DisableScriptedObjects (13ms)
			BackupInstance (0ms)
			ReleaseScriptingObjects (0ms)
			CreateAndSetChildDomain (79ms)
		EndReloadAssembly (2167ms)
			LoadAssemblies (219ms)
			RebuildTransferFunctionScriptingTraits (0ms)
			SetupTypeCache (846ms)
			ReleaseScriptCaches (2ms)
			RebuildScriptCaches (108ms)
			SetupLoadedEditorAssemblies (720ms)
				LogAssemblyErrors (0ms)
				InitializePlatformSupportModulesInManaged (10ms)
				SetLoadedEditorAssemblies (1ms)
				RefreshPlugins (3ms)
				BeforeProcessingInitializeOnLoad (206ms)
				ProcessInitializeOnLoadAttributes (460ms)
				ProcessInitializeOnLoadMethodAttributes (21ms)
				AfterProcessingInitializeOnLoad (18ms)
				EditorAssembliesLoaded (0ms)
			ExecutionOrderSort2 (0ms)
			AwakeInstancesAfterBackupRestoration (27ms)
Platform modules already initialized, skipping
Refreshing native plugins compatible for Editor in 2.73 ms, found 3 plugins.
Preloading 0 native plugins for Editor in 0.00 ms.
Unloading 3630 Unused Serialized files (Serialized files now loaded: 0)
System memory in use before: 156.2 MB.
System memory in use after: 156.4 MB.

Unloading 21 unused Assets to reduce memory usage. Loaded Objects now: 4195.
Total: 7.450000 ms (FindLiveObjects: 0.535400 ms CreateObjectMapping: 0.325300 ms MarkObjects: 6.540500 ms  DeleteObjects: 0.046900 ms)

AssetImportParameters requested are different than current active one (requested -> active):
  custom:framework-win-MediaFoundation: 216162199b28c13a410421893ffa2e32 -> 
  custom:video-decoder-ogg-theora: a1e56fd34408186e4bbccfd4996cb3dc -> 
  custom:container-muxer-webm: aa71ff27fc2769a1b78a27578f13a17b -> 
  custom:container-demuxer-webm: 4f35f7cbe854078d1ac9338744f61a02 -> 
  custom:container-demuxer-ogg: 62fdf1f143b41e24485cea50d1cbac27 -> 
  custom:video-encoder-webm-vp8: eb34c28f22e8b96e1ab97ce403110664 -> 
  custom:video-decoder-webm-vp8: 9c59270c3fd7afecdb556c50c9e8de78 -> 
  custom:audio-decoder-ogg-vorbis: bf7c407c2cedff20999df2af8eb42d56 -> 
  custom:audio-encoder-webm-vorbis: bf7c407c2cedff20999df2af8eb42d56 -> 
========================================================================
Received Prepare
Registering precompiled user dll's ...
Registered in 0.017778 seconds.
Begin MonoManager ReloadAssembly
Native extension for WindowsStandalone target not found
Refreshing native plugins compatible for Editor in 1.94 ms, found 3 plugins.
Preloading 0 native plugins for Editor in 0.00 ms.
Mono: successfully reloaded assembly
- Completed reload, in  2.816 seconds
Domain Reload Profiling:
	ReloadAssembly (2816ms)
		BeginReloadAssembly (388ms)
			ExecutionOrderSort (0ms)
			DisableScriptedObjects (12ms)
			BackupInstance (0ms)
			ReleaseScriptingObjects (0ms)
			CreateAndSetChildDomain (138ms)
		EndReloadAssembly (2257ms)
			LoadAssemblies (348ms)
			RebuildTransferFunctionScriptingTraits (0ms)
			SetupTypeCache (827ms)
			ReleaseScriptCaches (2ms)
			RebuildScriptCaches (117ms)
			SetupLoadedEditorAssemblies (727ms)
				LogAssemblyErrors (0ms)
				InitializePlatformSupportModulesInManaged (9ms)
				SetLoadedEditorAssemblies (1ms)
				RefreshPlugins (2ms)
				BeforeProcessingInitializeOnLoad (214ms)
				ProcessInitializeOnLoadAttributes (466ms)
				ProcessInitializeOnLoadMethodAttributes (20ms)
				AfterProcessingInitializeOnLoad (15ms)
				EditorAssembliesLoaded (0ms)
			ExecutionOrderSort2 (0ms)
			AwakeInstancesAfterBackupRestoration (24ms)
Platform modules already initialized, skipping
Refreshing native plugins compatible for Editor in 2.46 ms, found 3 plugins.
Preloading 0 native plugins for Editor in 0.00 ms.
Unloading 3630 Unused Serialized files (Serialized files now loaded: 0)
System memory in use before: 156.2 MB.
System memory in use after: 156.5 MB.

Unloading 21 unused Assets to reduce memory usage. Loaded Objects now: 4197.
Total: 10.956400 ms (FindLiveObjects: 0.591100 ms CreateObjectMapping: 0.388700 ms MarkObjects: 9.921700 ms  DeleteObjects: 0.051900 ms)

AssetImportParameters requested are different than current active one (requested -> active):
  custom:framework-win-MediaFoundation: 216162199b28c13a410421893ffa2e32 -> 
  custom:video-decoder-ogg-theora: a1e56fd34408186e4bbccfd4996cb3dc -> 
  custom:container-muxer-webm: aa71ff27fc2769a1b78a27578f13a17b -> 
  custom:container-demuxer-webm: 4f35f7cbe854078d1ac9338744f61a02 -> 
  custom:container-demuxer-ogg: 62fdf1f143b41e24485cea50d1cbac27 -> 
  custom:video-encoder-webm-vp8: eb34c28f22e8b96e1ab97ce403110664 -> 
  custom:video-decoder-webm-vp8: 9c59270c3fd7afecdb556c50c9e8de78 -> 
  custom:audio-decoder-ogg-vorbis: bf7c407c2cedff20999df2af8eb42d56 -> 
  custom:audio-encoder-webm-vorbis: bf7c407c2cedff20999df2af8eb42d56 -> 
========================================================================
Received Prepare
Registering precompiled user dll's ...
Registered in 0.018515 seconds.
Begin MonoManager ReloadAssembly
Native extension for WindowsStandalone target not found
Refreshing native plugins compatible for Editor in 2.19 ms, found 3 plugins.
Preloading 0 native plugins for Editor in 0.00 ms.
Mono: successfully reloaded assembly
- Completed reload, in  2.984 seconds
Domain Reload Profiling:
	ReloadAssembly (2985ms)
		BeginReloadAssembly (270ms)
			ExecutionOrderSort (0ms)
			DisableScriptedObjects (13ms)
			BackupInstance (0ms)
			ReleaseScriptingObjects (0ms)
			CreateAndSetChildDomain (94ms)
		EndReloadAssembly (2553ms)
			LoadAssemblies (271ms)
			RebuildTransferFunctionScriptingTraits (0ms)
			SetupTypeCache (981ms)
			ReleaseScriptCaches (3ms)
			RebuildScriptCaches (110ms)
			SetupLoadedEditorAssemblies (881ms)
				LogAssemblyErrors (0ms)
				InitializePlatformSupportModulesInManaged (9ms)
				SetLoadedEditorAssemblies (1ms)
				RefreshPlugins (2ms)
				BeforeProcessingInitializeOnLoad (299ms)
				ProcessInitializeOnLoadAttributes (527ms)
				ProcessInitializeOnLoadMethodAttributes (24ms)
				AfterProcessingInitializeOnLoad (18ms)
				EditorAssembliesLoaded (0ms)
			ExecutionOrderSort2 (0ms)
			AwakeInstancesAfterBackupRestoration (29ms)
Platform modules already initialized, skipping
Refreshing native plugins compatible for Editor in 3.32 ms, found 3 plugins.
Preloading 0 native plugins for Editor in 0.00 ms.
Unloading 3630 Unused Serialized files (Serialized files now loaded: 0)
System memory in use before: 156.3 MB.
System memory in use after: 156.5 MB.

Unloading 21 unused Assets to reduce memory usage. Loaded Objects now: 4199.
Total: 10.676300 ms (FindLiveObjects: 0.778100 ms CreateObjectMapping: 0.528500 ms MarkObjects: 9.299800 ms  DeleteObjects: 0.067000 ms)

AssetImportParameters requested are different than current active one (requested -> active):
  custom:framework-win-MediaFoundation: 216162199b28c13a410421893ffa2e32 -> 
  custom:video-decoder-ogg-theora: a1e56fd34408186e4bbccfd4996cb3dc -> 
  custom:container-muxer-webm: aa71ff27fc2769a1b78a27578f13a17b -> 
  custom:container-demuxer-webm: 4f35f7cbe854078d1ac9338744f61a02 -> 
  custom:container-demuxer-ogg: 62fdf1f143b41e24485cea50d1cbac27 -> 
  custom:video-encoder-webm-vp8: eb34c28f22e8b96e1ab97ce403110664 -> 
  custom:video-decoder-webm-vp8: 9c59270c3fd7afecdb556c50c9e8de78 -> 
  custom:audio-decoder-ogg-vorbis: bf7c407c2cedff20999df2af8eb42d56 -> 
  custom:audio-encoder-webm-vorbis: bf7c407c2cedff20999df2af8eb42d56 -> 
========================================================================
Received Prepare
Registering precompiled user dll's ...
Registered in 0.018058 seconds.
Begin MonoManager ReloadAssembly
Native extension for WindowsStandalone target not found
Refreshing native plugins compatible for Editor in 1.91 ms, found 3 plugins.
Preloading 0 native plugins for Editor in 0.00 ms.
Mono: successfully reloaded assembly
- Completed reload, in  2.567 seconds
Domain Reload Profiling:
	ReloadAssembly (2568ms)
		BeginReloadAssembly (236ms)
			ExecutionOrderSort (0ms)
			DisableScriptedObjects (12ms)
			BackupInstance (0ms)
			ReleaseScriptingObjects (0ms)
			CreateAndSetChildDomain (80ms)
		EndReloadAssembly (2166ms)
			LoadAssemblies (208ms)
			RebuildTransferFunctionScriptingTraits (0ms)
			SetupTypeCache (843ms)
			ReleaseScriptCaches (2ms)
			RebuildScriptCaches (101ms)
			SetupLoadedEditorAssemblies (720ms)
				LogAssemblyErrors (0ms)
				InitializePlatformSupportModulesInManaged (8ms)
				SetLoadedEditorAssemblies (1ms)
				RefreshPlugins (2ms)
				BeforeProcessingInitializeOnLoad (201ms)
				ProcessInitializeOnLoadAttributes (472ms)
				ProcessInitializeOnLoadMethodAttributes (21ms)
				AfterProcessingInitializeOnLoad (15ms)
				EditorAssembliesLoaded (0ms)
			ExecutionOrderSort2 (0ms)
			AwakeInstancesAfterBackupRestoration (26ms)
Platform modules already initialized, skipping
Refreshing native plugins compatible for Editor in 1.98 ms, found 3 plugins.
Preloading 0 native plugins for Editor in 0.00 ms.
Unloading 3630 Unused Serialized files (Serialized files now loaded: 0)
System memory in use before: 156.3 MB.
System memory in use after: 156.5 MB.

Unloading 21 unused Assets to reduce memory usage. Loaded Objects now: 4201.
Total: 8.856500 ms (FindLiveObjects: 0.542700 ms CreateObjectMapping: 0.321800 ms MarkObjects: 7.924000 ms  DeleteObjects: 0.065700 ms)

AssetImportParameters requested are different than current active one (requested -> active):
  custom:framework-win-MediaFoundation: 216162199b28c13a410421893ffa2e32 -> 
  custom:video-decoder-ogg-theora: a1e56fd34408186e4bbccfd4996cb3dc -> 
  custom:container-muxer-webm: aa71ff27fc2769a1b78a27578f13a17b -> 
  custom:container-demuxer-webm: 4f35f7cbe854078d1ac9338744f61a02 -> 
  custom:container-demuxer-ogg: 62fdf1f143b41e24485cea50d1cbac27 -> 
  custom:video-encoder-webm-vp8: eb34c28f22e8b96e1ab97ce403110664 -> 
  custom:video-decoder-webm-vp8: 9c59270c3fd7afecdb556c50c9e8de78 -> 
  custom:audio-decoder-ogg-vorbis: bf7c407c2cedff20999df2af8eb42d56 -> 
  custom:audio-encoder-webm-vorbis: bf7c407c2cedff20999df2af8eb42d56 -> 
========================================================================
Received Prepare
Registering precompiled user dll's ...
Registered in 0.016942 seconds.
Begin MonoManager ReloadAssembly
Native extension for WindowsStandalone target not found
Refreshing native plugins compatible for Editor in 2.08 ms, found 3 plugins.
Preloading 0 native plugins for Editor in 0.00 ms.
Mono: successfully reloaded assembly
- Completed reload, in  2.669 seconds
Domain Reload Profiling:
	ReloadAssembly (2670ms)
		BeginReloadAssembly (360ms)
			ExecutionOrderSort (0ms)
			DisableScriptedObjects (17ms)
			BackupInstance (0ms)
			ReleaseScriptingObjects (0ms)
			CreateAndSetChildDomain (123ms)
		EndReloadAssembly (2157ms)
			LoadAssemblies (271ms)
			RebuildTransferFunctionScriptingTraits (0ms)
			SetupTypeCache (761ms)
			ReleaseScriptCaches (2ms)
			RebuildScriptCaches (94ms)
			SetupLoadedEditorAssemblies (824ms)
				LogAssemblyErrors (0ms)
				InitializePlatformSupportModulesInManaged (8ms)
				SetLoadedEditorAssemblies (1ms)
				RefreshPlugins (2ms)
				BeforeProcessingInitializeOnLoad (240ms)
				ProcessInitializeOnLoadAttributes (535ms)
				ProcessInitializeOnLoadMethodAttributes (24ms)
				AfterProcessingInitializeOnLoad (14ms)
				EditorAssembliesLoaded (0ms)
			ExecutionOrderSort2 (0ms)
			AwakeInstancesAfterBackupRestoration (26ms)
Platform modules already initialized, skipping
Refreshing native plugins compatible for Editor in 1.93 ms, found 3 plugins.
Preloading 0 native plugins for Editor in 0.00 ms.
Unloading 3630 Unused Serialized files (Serialized files now loaded: 0)
System memory in use before: 156.3 MB.
System memory in use after: 156.5 MB.

Unloading 21 unused Assets to reduce memory usage. Loaded Objects now: 4203.
Total: 8.074100 ms (FindLiveObjects: 0.584700 ms CreateObjectMapping: 0.309900 ms MarkObjects: 7.135100 ms  DeleteObjects: 0.042700 ms)

AssetImportParameters requested are different than current active one (requested -> active):
  custom:framework-win-MediaFoundation: 216162199b28c13a410421893ffa2e32 -> 
  custom:video-decoder-ogg-theora: a1e56fd34408186e4bbccfd4996cb3dc -> 
  custom:container-muxer-webm: aa71ff27fc2769a1b78a27578f13a17b -> 
  custom:container-demuxer-webm: 4f35f7cbe854078d1ac9338744f61a02 -> 
  custom:container-demuxer-ogg: 62fdf1f143b41e24485cea50d1cbac27 -> 
  custom:video-encoder-webm-vp8: eb34c28f22e8b96e1ab97ce403110664 -> 
  custom:video-decoder-webm-vp8: 9c59270c3fd7afecdb556c50c9e8de78 -> 
  custom:audio-decoder-ogg-vorbis: bf7c407c2cedff20999df2af8eb42d56 -> 
  custom:audio-encoder-webm-vorbis: bf7c407c2cedff20999df2af8eb42d56 -> 
========================================================================
Received Prepare
Registering precompiled user dll's ...
Registered in 0.024202 seconds.
Begin MonoManager ReloadAssembly
Native extension for WindowsStandalone target not found
Refreshing native plugins compatible for Editor in 2.26 ms, found 3 plugins.
Preloading 0 native plugins for Editor in 0.00 ms.
Mono: successfully reloaded assembly
- Completed reload, in  3.145 seconds
Domain Reload Profiling:
	ReloadAssembly (3146ms)
		BeginReloadAssembly (231ms)
			ExecutionOrderSort (0ms)
			DisableScriptedObjects (13ms)
			BackupInstance (0ms)
			ReleaseScriptingObjects (0ms)
			CreateAndSetChildDomain (69ms)
		EndReloadAssembly (2746ms)
			LoadAssemblies (343ms)
			RebuildTransferFunctionScriptingTraits (0ms)
			SetupTypeCache (1250ms)
			ReleaseScriptCaches (2ms)
			RebuildScriptCaches (99ms)
			SetupLoadedEditorAssemblies (752ms)
				LogAssemblyErrors (0ms)
				InitializePlatformSupportModulesInManaged (10ms)
				SetLoadedEditorAssemblies (1ms)
				RefreshPlugins (2ms)
				BeforeProcessingInitializeOnLoad (235ms)
				ProcessInitializeOnLoadAttributes (468ms)
				ProcessInitializeOnLoadMethodAttributes (20ms)
				AfterProcessingInitializeOnLoad (15ms)
				EditorAssembliesLoaded (0ms)
			ExecutionOrderSort2 (0ms)
			AwakeInstancesAfterBackupRestoration (26ms)
Platform modules already initialized, skipping
Refreshing native plugins compatible for Editor in 2.45 ms, found 3 plugins.
Preloading 0 native plugins for Editor in 0.00 ms.
Unloading 3630 Unused Serialized files (Serialized files now loaded: 0)
System memory in use before: 156.3 MB.
System memory in use after: 156.5 MB.

Unloading 21 unused Assets to reduce memory usage. Loaded Objects now: 4205.
Total: 11.436700 ms (FindLiveObjects: 0.945200 ms CreateObjectMapping: 0.731800 ms MarkObjects: 9.708200 ms  DeleteObjects: 0.048900 ms)

AssetImportParameters requested are different than current active one (requested -> active):
  custom:framework-win-MediaFoundation: 216162199b28c13a410421893ffa2e32 -> 
  custom:video-decoder-ogg-theora: a1e56fd34408186e4bbccfd4996cb3dc -> 
  custom:container-muxer-webm: aa71ff27fc2769a1b78a27578f13a17b -> 
  custom:container-demuxer-webm: 4f35f7cbe854078d1ac9338744f61a02 -> 
  custom:container-demuxer-ogg: 62fdf1f143b41e24485cea50d1cbac27 -> 
  custom:video-encoder-webm-vp8: eb34c28f22e8b96e1ab97ce403110664 -> 
  custom:video-decoder-webm-vp8: 9c59270c3fd7afecdb556c50c9e8de78 -> 
  custom:audio-decoder-ogg-vorbis: bf7c407c2cedff20999df2af8eb42d56 -> 
  custom:audio-encoder-webm-vorbis: bf7c407c2cedff20999df2af8eb42d56 -> 
========================================================================
Received Prepare
Registering precompiled user dll's ...
Registered in 0.018693 seconds.
Begin MonoManager ReloadAssembly
Native extension for WindowsStandalone target not found
Refreshing native plugins compatible for Editor in 2.21 ms, found 3 plugins.
Preloading 0 native plugins for Editor in 0.00 ms.
Mono: successfully reloaded assembly
- Completed reload, in  2.867 seconds
Domain Reload Profiling:
	ReloadAssembly (2868ms)
		BeginReloadAssembly (320ms)
			ExecutionOrderSort (0ms)
			DisableScriptedObjects (15ms)
			BackupInstance (0ms)
			ReleaseScriptingObjects (0ms)
			CreateAndSetChildDomain (120ms)
		EndReloadAssembly (2355ms)
			LoadAssemblies (244ms)
			RebuildTransferFunctionScriptingTraits (0ms)
			SetupTypeCache (890ms)
			ReleaseScriptCaches (3ms)
			RebuildScriptCaches (108ms)
			SetupLoadedEditorAssemblies (816ms)
				LogAssemblyErrors (0ms)
				InitializePlatformSupportModulesInManaged (10ms)
				SetLoadedEditorAssemblies (1ms)
				RefreshPlugins (2ms)
				BeforeProcessingInitializeOnLoad (242ms)
				ProcessInitializeOnLoadAttributes (518ms)
				ProcessInitializeOnLoadMethodAttributes (25ms)
				AfterProcessingInitializeOnLoad (18ms)
				EditorAssembliesLoaded (0ms)
			ExecutionOrderSort2 (0ms)
			AwakeInstancesAfterBackupRestoration (30ms)
Platform modules already initialized, skipping
Refreshing native plugins compatible for Editor in 2.42 ms, found 3 plugins.
Preloading 0 native plugins for Editor in 0.00 ms.
Unloading 3630 Unused Serialized files (Serialized files now loaded: 0)
System memory in use before: 156.3 MB.
System memory in use after: 156.5 MB.

Unloading 21 unused Assets to reduce memory usage. Loaded Objects now: 4207.
Total: 8.731700 ms (FindLiveObjects: 0.787500 ms CreateObjectMapping: 0.530800 ms MarkObjects: 7.354100 ms  DeleteObjects: 0.057300 ms)

AssetImportParameters requested are different than current active one (requested -> active):
  custom:framework-win-MediaFoundation: 216162199b28c13a410421893ffa2e32 -> 
  custom:video-decoder-ogg-theora: a1e56fd34408186e4bbccfd4996cb3dc -> 
  custom:container-muxer-webm: aa71ff27fc2769a1b78a27578f13a17b -> 
  custom:container-demuxer-webm: 4f35f7cbe854078d1ac9338744f61a02 -> 
  custom:container-demuxer-ogg: 62fdf1f143b41e24485cea50d1cbac27 -> 
  custom:video-encoder-webm-vp8: eb34c28f22e8b96e1ab97ce403110664 -> 
  custom:video-decoder-webm-vp8: 9c59270c3fd7afecdb556c50c9e8de78 -> 
  custom:audio-decoder-ogg-vorbis: bf7c407c2cedff20999df2af8eb42d56 -> 
  custom:audio-encoder-webm-vorbis: bf7c407c2cedff20999df2af8eb42d56 -> 
========================================================================
Received Prepare
Registering precompiled user dll's ...
Registered in 0.021726 seconds.
Begin MonoManager ReloadAssembly
Native extension for WindowsStandalone target not found
Refreshing native plugins compatible for Editor in 2.20 ms, found 3 plugins.
Preloading 0 native plugins for Editor in 0.00 ms.
Mono: successfully reloaded assembly
- Completed reload, in  2.869 seconds
Domain Reload Profiling:
	ReloadAssembly (2870ms)
		BeginReloadAssembly (285ms)
			ExecutionOrderSort (0ms)
			DisableScriptedObjects (13ms)
			BackupInstance (0ms)
			ReleaseScriptingObjects (0ms)
			CreateAndSetChildDomain (69ms)
		EndReloadAssembly (2393ms)
			LoadAssemblies (280ms)
			RebuildTransferFunctionScriptingTraits (0ms)
			SetupTypeCache (844ms)
			ReleaseScriptCaches (3ms)
			RebuildScriptCaches (135ms)
			SetupLoadedEditorAssemblies (842ms)
				LogAssemblyErrors (0ms)
				InitializePlatformSupportModulesInManaged (9ms)
				SetLoadedEditorAssemblies (1ms)
				RefreshPlugins (2ms)
				BeforeProcessingInitializeOnLoad (250ms)
				ProcessInitializeOnLoadAttributes (537ms)
				ProcessInitializeOnLoadMethodAttributes (24ms)
				AfterProcessingInitializeOnLoad (17ms)
				EditorAssembliesLoaded (0ms)
			ExecutionOrderSort2 (0ms)
			AwakeInstancesAfterBackupRestoration (29ms)
Platform modules already initialized, skipping
Refreshing native plugins compatible for Editor in 2.88 ms, found 3 plugins.
Preloading 0 native plugins for Editor in 0.00 ms.
Unloading 3630 Unused Serialized files (Serialized files now loaded: 0)
System memory in use before: 156.3 MB.
System memory in use after: 156.5 MB.

Unloading 21 unused Assets to reduce memory usage. Loaded Objects now: 4209.
Total: 7.996100 ms (FindLiveObjects: 0.585600 ms CreateObjectMapping: 0.413200 ms MarkObjects: 6.939700 ms  DeleteObjects: 0.055400 ms)

AssetImportParameters requested are different than current active one (requested -> active):
  custom:framework-win-MediaFoundation: 216162199b28c13a410421893ffa2e32 -> 
  custom:video-decoder-ogg-theora: a1e56fd34408186e4bbccfd4996cb3dc -> 
  custom:container-muxer-webm: aa71ff27fc2769a1b78a27578f13a17b -> 
  custom:container-demuxer-webm: 4f35f7cbe854078d1ac9338744f61a02 -> 
  custom:container-demuxer-ogg: 62fdf1f143b41e24485cea50d1cbac27 -> 
  custom:video-encoder-webm-vp8: eb34c28f22e8b96e1ab97ce403110664 -> 
  custom:video-decoder-webm-vp8: 9c59270c3fd7afecdb556c50c9e8de78 -> 
  custom:audio-decoder-ogg-vorbis: bf7c407c2cedff20999df2af8eb42d56 -> 
  custom:audio-encoder-webm-vorbis: bf7c407c2cedff20999df2af8eb42d56 -> 
========================================================================
Received Prepare
Registering precompiled user dll's ...
Registered in 0.040114 seconds.
Begin MonoManager ReloadAssembly
Native extension for WindowsStandalone target not found
Refreshing native plugins compatible for Editor in 2.17 ms, found 3 plugins.
Preloading 0 native plugins for Editor in 0.00 ms.
Mono: successfully reloaded assembly
- Completed reload, in  2.894 seconds
Domain Reload Profiling:
	ReloadAssembly (2894ms)
		BeginReloadAssembly (253ms)
			ExecutionOrderSort (0ms)
			DisableScriptedObjects (11ms)
			BackupInstance (0ms)
			ReleaseScriptingObjects (0ms)
			CreateAndSetChildDomain (84ms)
		EndReloadAssembly (2470ms)
			LoadAssemblies (232ms)
			RebuildTransferFunctionScriptingTraits (0ms)
			SetupTypeCache (943ms)
			ReleaseScriptCaches (3ms)
			RebuildScriptCaches (124ms)
			SetupLoadedEditorAssemblies (822ms)
				LogAssemblyErrors (0ms)
				InitializePlatformSupportModulesInManaged (9ms)
				SetLoadedEditorAssemblies (1ms)
				RefreshPlugins (2ms)
				BeforeProcessingInitializeOnLoad (246ms)
				ProcessInitializeOnLoadAttributes (523ms)
				ProcessInitializeOnLoadMethodAttributes (24ms)
				AfterProcessingInitializeOnLoad (17ms)
				EditorAssembliesLoaded (0ms)
			ExecutionOrderSort2 (0ms)
			AwakeInstancesAfterBackupRestoration (29ms)
Platform modules already initialized, skipping
Refreshing native plugins compatible for Editor in 2.23 ms, found 3 plugins.
Preloading 0 native plugins for Editor in 0.00 ms.
Unloading 3630 Unused Serialized files (Serialized files now loaded: 0)
System memory in use before: 156.3 MB.
System memory in use after: 156.6 MB.

Unloading 21 unused Assets to reduce memory usage. Loaded Objects now: 4211.
Total: 7.772600 ms (FindLiveObjects: 0.553600 ms CreateObjectMapping: 0.399100 ms MarkObjects: 6.773400 ms  DeleteObjects: 0.044500 ms)

AssetImportParameters requested are different than current active one (requested -> active):
  custom:framework-win-MediaFoundation: 216162199b28c13a410421893ffa2e32 -> 
  custom:video-decoder-ogg-theora: a1e56fd34408186e4bbccfd4996cb3dc -> 
  custom:container-muxer-webm: aa71ff27fc2769a1b78a27578f13a17b -> 
  custom:container-demuxer-webm: 4f35f7cbe854078d1ac9338744f61a02 -> 
  custom:container-demuxer-ogg: 62fdf1f143b41e24485cea50d1cbac27 -> 
  custom:video-encoder-webm-vp8: eb34c28f22e8b96e1ab97ce403110664 -> 
  custom:video-decoder-webm-vp8: 9c59270c3fd7afecdb556c50c9e8de78 -> 
  custom:audio-decoder-ogg-vorbis: bf7c407c2cedff20999df2af8eb42d56 -> 
  custom:audio-encoder-webm-vorbis: bf7c407c2cedff20999df2af8eb42d56 -> 
========================================================================
Received Prepare
Registering precompiled user dll's ...
Registered in 0.019190 seconds.
Begin MonoManager ReloadAssembly
Native extension for WindowsStandalone target not found
Refreshing native plugins compatible for Editor in 2.20 ms, found 3 plugins.
Preloading 0 native plugins for Editor in 0.00 ms.
Mono: successfully reloaded assembly
- Completed reload, in  2.985 seconds
Domain Reload Profiling:
	ReloadAssembly (2986ms)
		BeginReloadAssembly (229ms)
			ExecutionOrderSort (0ms)
			DisableScriptedObjects (14ms)
			BackupInstance (0ms)
			ReleaseScriptingObjects (0ms)
			CreateAndSetChildDomain (65ms)
		EndReloadAssembly (2597ms)
			LoadAssemblies (270ms)
			RebuildTransferFunctionScriptingTraits (0ms)
			SetupTypeCache (1066ms)
			ReleaseScriptCaches (3ms)
			RebuildScriptCaches (115ms)
			SetupLoadedEditorAssemblies (802ms)
				LogAssemblyErrors (0ms)
				InitializePlatformSupportModulesInManaged (10ms)
				SetLoadedEditorAssemblies (1ms)
				RefreshPlugins (2ms)
				BeforeProcessingInitializeOnLoad (247ms)
				ProcessInitializeOnLoadAttributes (502ms)
				ProcessInitializeOnLoadMethodAttributes (21ms)
				AfterProcessingInitializeOnLoad (18ms)
				EditorAssembliesLoaded (0ms)
			ExecutionOrderSort2 (0ms)
			AwakeInstancesAfterBackupRestoration (32ms)
Platform modules already initialized, skipping
Refreshing native plugins compatible for Editor in 2.24 ms, found 3 plugins.
Preloading 0 native plugins for Editor in 0.00 ms.
Unloading 3630 Unused Serialized files (Serialized files now loaded: 0)
System memory in use before: 156.3 MB.
System memory in use after: 156.6 MB.

Unloading 21 unused Assets to reduce memory usage. Loaded Objects now: 4213.
Total: 9.046300 ms (FindLiveObjects: 0.599100 ms CreateObjectMapping: 0.377100 ms MarkObjects: 8.015500 ms  DeleteObjects: 0.052500 ms)

AssetImportParameters requested are different than current active one (requested -> active):
  custom:framework-win-MediaFoundation: 216162199b28c13a410421893ffa2e32 -> 
  custom:video-decoder-ogg-theora: a1e56fd34408186e4bbccfd4996cb3dc -> 
  custom:container-muxer-webm: aa71ff27fc2769a1b78a27578f13a17b -> 
  custom:container-demuxer-webm: 4f35f7cbe854078d1ac9338744f61a02 -> 
  custom:container-demuxer-ogg: 62fdf1f143b41e24485cea50d1cbac27 -> 
  custom:video-encoder-webm-vp8: eb34c28f22e8b96e1ab97ce403110664 -> 
  custom:video-decoder-webm-vp8: 9c59270c3fd7afecdb556c50c9e8de78 -> 
  custom:audio-decoder-ogg-vorbis: bf7c407c2cedff20999df2af8eb42d56 -> 
  custom:audio-encoder-webm-vorbis: bf7c407c2cedff20999df2af8eb42d56 -> 
========================================================================
Received Import Request.
  Time since last request: 1202.631306 seconds.
  path: Assets/Art/Spritesheets/main/emotes/standing.png
  artifactKey: Guid(fbd9002e5faa8934f99046234f3cf44f) Importer(815301076,1909f56bfc062723c751e8b465ee728b)
Start importing Assets/Art/Spritesheets/main/emotes/standing.png using Guid(fbd9002e5faa8934f99046234f3cf44f) Importer(815301076,1909f56bfc062723c751e8b465ee728b)  -> (artifact id: '16c1923fdcd212e76b2721ea96a99203') in 0.131120 seconds 
  Import took 0.147293 seconds .

========================================================================
Received Import Request.
  Time since last request: 8.278099 seconds.
  path: Assets/Art/Spritesheets/main/emotes/standing.png
  artifactKey: Guid(fbd9002e5faa8934f99046234f3cf44f) Importer(815301076,1909f56bfc062723c751e8b465ee728b)
Start importing Assets/Art/Spritesheets/main/emotes/standing.png using Guid(fbd9002e5faa8934f99046234f3cf44f) Importer(815301076,1909f56bfc062723c751e8b465ee728b)  -> (artifact id: '62faa664f1281acfa407918474e52354') in 0.055702 seconds 
  Import took 0.081243 seconds .

========================================================================
Received Import Request.
  Time since last request: 80.012973 seconds.
  path: Assets/Animations/Player.controller
  artifactKey: Guid(3a5eedb00b63df547b444ee51207c84f) Importer(815301076,1909f56bfc062723c751e8b465ee728b)
Start importing Assets/Animations/Player.controller using Guid(3a5eedb00b63df547b444ee51207c84f) Importer(815301076,1909f56bfc062723c751e8b465ee728b)  -> (artifact id: '7513c775be1a436854c338126846d9a4') in 0.522573 seconds 
  Import took 0.547122 seconds .

========================================================================
Received Import Request.
  Time since last request: 33.982183 seconds.
  path: Assets/Animations/Player.controller
  artifactKey: Guid(3a5eedb00b63df547b444ee51207c84f) Importer(815301076,1909f56bfc062723c751e8b465ee728b)
Start importing Assets/Animations/Player.controller using Guid(3a5eedb00b63df547b444ee51207c84f) Importer(815301076,1909f56bfc062723c751e8b465ee728b)  -> (artifact id: 'e752de8cae0a9a5239c3f61612c7d808') in 0.036122 seconds 
  Import took 0.050513 seconds .

========================================================================
Received Prepare
Registering precompiled user dll's ...
Registered in 0.022810 seconds.
Begin MonoManager ReloadAssembly
Native extension for WindowsStandalone target not found
Refreshing native plugins compatible for Editor in 1.97 ms, found 3 plugins.
Preloading 0 native plugins for Editor in 0.00 ms.
Mono: successfully reloaded assembly
- Completed reload, in  2.758 seconds
Domain Reload Profiling:
	ReloadAssembly (2760ms)
		BeginReloadAssembly (358ms)
			ExecutionOrderSort (0ms)
			DisableScriptedObjects (19ms)
			BackupInstance (0ms)
			ReleaseScriptingObjects (0ms)
			CreateAndSetChildDomain (188ms)
		EndReloadAssembly (2242ms)
			LoadAssemblies (212ms)
			RebuildTransferFunctionScriptingTraits (0ms)
			SetupTypeCache (799ms)
			ReleaseScriptCaches (3ms)
			RebuildScriptCaches (99ms)
			SetupLoadedEditorAssemblies (861ms)
				LogAssemblyErrors (0ms)
				InitializePlatformSupportModulesInManaged (8ms)
				SetLoadedEditorAssemblies (1ms)
				RefreshPlugins (2ms)
				BeforeProcessingInitializeOnLoad (237ms)
				ProcessInitializeOnLoadAttributes (576ms)
				ProcessInitializeOnLoadMethodAttributes (22ms)
				AfterProcessingInitializeOnLoad (15ms)
				EditorAssembliesLoaded (0ms)
			ExecutionOrderSort2 (0ms)
			AwakeInstancesAfterBackupRestoration (26ms)
Platform modules already initialized, skipping
Refreshing native plugins compatible for Editor in 3.99 ms, found 3 plugins.
Preloading 0 native plugins for Editor in 0.00 ms.
Unloading 3630 Unused Serialized files (Serialized files now loaded: 0)
System memory in use before: 156.8 MB.
System memory in use after: 157.0 MB.

Unloading 21 unused Assets to reduce memory usage. Loaded Objects now: 4216.
Total: 14.357400 ms (FindLiveObjects: 0.889000 ms CreateObjectMapping: 0.694100 ms MarkObjects: 12.703500 ms  DeleteObjects: 0.067500 ms)

AssetImportParameters requested are different than current active one (requested -> active):
  custom:framework-win-MediaFoundation: 216162199b28c13a410421893ffa2e32 -> 
  custom:video-decoder-ogg-theora: a1e56fd34408186e4bbccfd4996cb3dc -> 
  custom:container-muxer-webm: aa71ff27fc2769a1b78a27578f13a17b -> 
  custom:container-demuxer-webm: 4f35f7cbe854078d1ac9338744f61a02 -> 
  custom:container-demuxer-ogg: 62fdf1f143b41e24485cea50d1cbac27 -> 
  custom:video-encoder-webm-vp8: eb34c28f22e8b96e1ab97ce403110664 -> 
  custom:video-decoder-webm-vp8: 9c59270c3fd7afecdb556c50c9e8de78 -> 
  custom:audio-decoder-ogg-vorbis: bf7c407c2cedff20999df2af8eb42d56 -> 
  custom:audio-encoder-webm-vorbis: bf7c407c2cedff20999df2af8eb42d56 -> 
========================================================================
Received Prepare
Registering precompiled user dll's ...
Registered in 0.019599 seconds.
Begin MonoManager ReloadAssembly
Native extension for WindowsStandalone target not found
Refreshing native plugins compatible for Editor in 2.19 ms, found 3 plugins.
Preloading 0 native plugins for Editor in 0.00 ms.
Mono: successfully reloaded assembly
- Completed reload, in  3.171 seconds
Domain Reload Profiling:
	ReloadAssembly (3172ms)
		BeginReloadAssembly (343ms)
			ExecutionOrderSort (0ms)
			DisableScriptedObjects (26ms)
			BackupInstance (0ms)
			ReleaseScriptingObjects (0ms)
			CreateAndSetChildDomain (144ms)
		EndReloadAssembly (2670ms)
			LoadAssemblies (256ms)
			RebuildTransferFunctionScriptingTraits (0ms)
			SetupTypeCache (979ms)
			ReleaseScriptCaches (3ms)
			RebuildScriptCaches (111ms)
			SetupLoadedEditorAssemblies (972ms)
				LogAssemblyErrors (0ms)
				InitializePlatformSupportModulesInManaged (11ms)
				SetLoadedEditorAssemblies (1ms)
				RefreshPlugins (2ms)
				BeforeProcessingInitializeOnLoad (245ms)
				ProcessInitializeOnLoadAttributes (658ms)
				ProcessInitializeOnLoadMethodAttributes (32ms)
				AfterProcessingInitializeOnLoad (23ms)
				EditorAssembliesLoaded (0ms)
			ExecutionOrderSort2 (0ms)
			AwakeInstancesAfterBackupRestoration (41ms)
Platform modules already initialized, skipping
Refreshing native plugins compatible for Editor in 2.33 ms, found 3 plugins.
Preloading 0 native plugins for Editor in 0.00 ms.
Unloading 3630 Unused Serialized files (Serialized files now loaded: 0)
System memory in use before: 156.8 MB.
System memory in use after: 157.0 MB.

Unloading 21 unused Assets to reduce memory usage. Loaded Objects now: 4218.
Total: 8.725600 ms (FindLiveObjects: 0.608700 ms CreateObjectMapping: 0.395300 ms MarkObjects: 7.669500 ms  DeleteObjects: 0.049800 ms)

AssetImportParameters requested are different than current active one (requested -> active):
  custom:framework-win-MediaFoundation: 216162199b28c13a410421893ffa2e32 -> 
  custom:video-decoder-ogg-theora: a1e56fd34408186e4bbccfd4996cb3dc -> 
  custom:container-muxer-webm: aa71ff27fc2769a1b78a27578f13a17b -> 
  custom:container-demuxer-webm: 4f35f7cbe854078d1ac9338744f61a02 -> 
  custom:container-demuxer-ogg: 62fdf1f143b41e24485cea50d1cbac27 -> 
  custom:video-encoder-webm-vp8: eb34c28f22e8b96e1ab97ce403110664 -> 
  custom:video-decoder-webm-vp8: 9c59270c3fd7afecdb556c50c9e8de78 -> 
  custom:audio-decoder-ogg-vorbis: bf7c407c2cedff20999df2af8eb42d56 -> 
  custom:audio-encoder-webm-vorbis: bf7c407c2cedff20999df2af8eb42d56 -> 
========================================================================
Received Prepare
Registering precompiled user dll's ...
Registered in 0.018216 seconds.
Begin MonoManager ReloadAssembly
Native extension for WindowsStandalone target not found
Refreshing native plugins compatible for Editor in 2.67 ms, found 3 plugins.
Preloading 0 native plugins for Editor in 0.00 ms.
Mono: successfully reloaded assembly
- Completed reload, in  3.035 seconds
Domain Reload Profiling:
	ReloadAssembly (3035ms)
		BeginReloadAssembly (273ms)
			ExecutionOrderSort (0ms)
			DisableScriptedObjects (14ms)
			BackupInstance (0ms)
			ReleaseScriptingObjects (0ms)
			CreateAndSetChildDomain (93ms)
		EndReloadAssembly (2499ms)
			LoadAssemblies (317ms)
			RebuildTransferFunctionScriptingTraits (0ms)
			SetupTypeCache (921ms)
			ReleaseScriptCaches (4ms)
			RebuildScriptCaches (146ms)
			SetupLoadedEditorAssemblies (804ms)
				LogAssemblyErrors (0ms)
				InitializePlatformSupportModulesInManaged (10ms)
				SetLoadedEditorAssemblies (1ms)
				RefreshPlugins (3ms)
				BeforeProcessingInitializeOnLoad (283ms)
				ProcessInitializeOnLoadAttributes (470ms)
				ProcessInitializeOnLoadMethodAttributes (20ms)
				AfterProcessingInitializeOnLoad (16ms)
				EditorAssembliesLoaded (0ms)
			ExecutionOrderSort2 (0ms)
			AwakeInstancesAfterBackupRestoration (30ms)
Platform modules already initialized, skipping
Refreshing native plugins compatible for Editor in 3.46 ms, found 3 plugins.
Preloading 0 native plugins for Editor in 0.00 ms.
Unloading 3630 Unused Serialized files (Serialized files now loaded: 0)
System memory in use before: 156.8 MB.
System memory in use after: 157.0 MB.

Unloading 21 unused Assets to reduce memory usage. Loaded Objects now: 4220.
Total: 9.388300 ms (FindLiveObjects: 0.950800 ms CreateObjectMapping: 0.568300 ms MarkObjects: 7.811100 ms  DeleteObjects: 0.054400 ms)

AssetImportParameters requested are different than current active one (requested -> active):
  custom:framework-win-MediaFoundation: 216162199b28c13a410421893ffa2e32 -> 
  custom:video-decoder-ogg-theora: a1e56fd34408186e4bbccfd4996cb3dc -> 
  custom:container-muxer-webm: aa71ff27fc2769a1b78a27578f13a17b -> 
  custom:container-demuxer-webm: 4f35f7cbe854078d1ac9338744f61a02 -> 
  custom:container-demuxer-ogg: 62fdf1f143b41e24485cea50d1cbac27 -> 
  custom:video-encoder-webm-vp8: eb34c28f22e8b96e1ab97ce403110664 -> 
  custom:video-decoder-webm-vp8: 9c59270c3fd7afecdb556c50c9e8de78 -> 
  custom:audio-decoder-ogg-vorbis: bf7c407c2cedff20999df2af8eb42d56 -> 
  custom:audio-encoder-webm-vorbis: bf7c407c2cedff20999df2af8eb42d56 -> 
========================================================================
Received Import Request.
  Time since last request: 169.995546 seconds.
  path: Assets/Game/Entities/babySheep.prefab
  artifactKey: Guid(8c6bb0698e2fb5c4bba1ee963ae80cd5) Importer(815301076,1909f56bfc062723c751e8b465ee728b)
Start importing Assets/Game/Entities/babySheep.prefab using Guid(8c6bb0698e2fb5c4bba1ee963ae80cd5) Importer(815301076,1909f56bfc062723c751e8b465ee728b)  -> (artifact id: 'dfc502cc740c02440b7fddfab2246049') in 0.465378 seconds 
  Import took 0.481354 seconds .

========================================================================
Received Import Request.
  Time since last request: 0.000384 seconds.
  path: Assets/Game/Entities/Enemy.prefab
  artifactKey: Guid(2fc16a17f399f354a891a5fda0470085) Importer(815301076,1909f56bfc062723c751e8b465ee728b)
Start importing Assets/Game/Entities/Enemy.prefab using Guid(2fc16a17f399f354a891a5fda0470085) Importer(815301076,1909f56bfc062723c751e8b465ee728b)  -> (artifact id: '516999a736b6c4a62150d79ff1c5ed19') in 0.047824 seconds 
  Import took 0.060807 seconds .

========================================================================
Received Import Request.
  Time since last request: 0.000417 seconds.
  path: Assets/Game/Entities/miniTree.prefab
  artifactKey: Guid(1d7b4c756116e404e850dd9079571908) Importer(815301076,1909f56bfc062723c751e8b465ee728b)
Start importing Assets/Game/Entities/miniTree.prefab using Guid(1d7b4c756116e404e850dd9079571908) Importer(815301076,1909f56bfc062723c751e8b465ee728b)  -> (artifact id: '1ab4bb15aefe500e83f34455015298a0') in 0.083215 seconds 
  Import took 0.099703 seconds .

========================================================================
Received Import Request.
  Time since last request: 0.000518 seconds.
  path: Assets/Game/Entities/Cow.prefab
  artifactKey: Guid(56cddd3a8c22d9b459d52ddf9731cc0d) Importer(815301076,1909f56bfc062723c751e8b465ee728b)
Start importing Assets/Game/Entities/Cow.prefab using Guid(56cddd3a8c22d9b459d52ddf9731cc0d) Importer(815301076,1909f56bfc062723c751e8b465ee728b)  -> (artifact id: 'b6b0b8e31070d4fa7d5a8f3a6f435823') in 0.071014 seconds 
  Import took 0.086827 seconds .

========================================================================
Received Import Request.
  Time since last request: 0.000566 seconds.
  path: Assets/Game/Entities/MiniCow.prefab
  artifactKey: Guid(5e9c27f86afbbd14cb4ab2dd7e566a9b) Importer(815301076,1909f56bfc062723c751e8b465ee728b)
Start importing Assets/Game/Entities/MiniCow.prefab using Guid(5e9c27f86afbbd14cb4ab2dd7e566a9b) Importer(815301076,1909f56bfc062723c751e8b465ee728b)  -> (artifact id: '673488583630f63752cb0bdd2c086928') in 0.176009 seconds 
  Import took 0.202685 seconds .

========================================================================
Received Import Request.
  Time since last request: 28.687260 seconds.
  path: Assets/Game/Items/Misc
  artifactKey: Guid(713c02be5f776cd4a9e952e04f9efd92) Importer(815301076,1909f56bfc062723c751e8b465ee728b)
Start importing Assets/Game/Items/Misc using Guid(713c02be5f776cd4a9e952e04f9efd92) Importer(815301076,1909f56bfc062723c751e8b465ee728b)  -> (artifact id: 'c570e1511064bdd475d6525a0c0e21c1') in 0.015081 seconds 
  Import took 0.029482 seconds .

========================================================================
Received Prepare
Registering precompiled user dll's ...
Registered in 0.025905 seconds.
Begin MonoManager ReloadAssembly
Native extension for WindowsStandalone target not found
Refreshing native plugins compatible for Editor in 4.41 ms, found 3 plugins.
Preloading 0 native plugins for Editor in 0.00 ms.
Mono: successfully reloaded assembly
- Completed reload, in  3.348 seconds
Domain Reload Profiling:
	ReloadAssembly (3350ms)
		BeginReloadAssembly (473ms)
			ExecutionOrderSort (0ms)
			DisableScriptedObjects (41ms)
			BackupInstance (0ms)
			ReleaseScriptingObjects (0ms)
			CreateAndSetChildDomain (142ms)
		EndReloadAssembly (2648ms)
			LoadAssemblies (285ms)
			RebuildTransferFunctionScriptingTraits (0ms)
			SetupTypeCache (930ms)
			ReleaseScriptCaches (3ms)
			RebuildScriptCaches (113ms)
			SetupLoadedEditorAssemblies (963ms)
				LogAssemblyErrors (0ms)
				InitializePlatformSupportModulesInManaged (10ms)
				SetLoadedEditorAssemblies (1ms)
				RefreshPlugins (5ms)
				BeforeProcessingInitializeOnLoad (318ms)
				ProcessInitializeOnLoadAttributes (584ms)
				ProcessInitializeOnLoadMethodAttributes (24ms)
				AfterProcessingInitializeOnLoad (22ms)
				EditorAssembliesLoaded (0ms)
			ExecutionOrderSort2 (0ms)
			AwakeInstancesAfterBackupRestoration (46ms)
Platform modules already initialized, skipping
Refreshing native plugins compatible for Editor in 3.70 ms, found 3 plugins.
Preloading 0 native plugins for Editor in 0.00 ms.
Unloading 3630 Unused Serialized files (Serialized files now loaded: 0)
System memory in use before: 159.1 MB.
System memory in use after: 159.3 MB.

Unloading 21 unused Assets to reduce memory usage. Loaded Objects now: 4264.
Total: 13.641700 ms (FindLiveObjects: 0.931700 ms CreateObjectMapping: 0.644900 ms MarkObjects: 11.985900 ms  DeleteObjects: 0.076100 ms)

AssetImportParameters requested are different than current active one (requested -> active):
  custom:framework-win-MediaFoundation: 216162199b28c13a410421893ffa2e32 -> 
  custom:video-decoder-ogg-theora: a1e56fd34408186e4bbccfd4996cb3dc -> 
  custom:container-muxer-webm: aa71ff27fc2769a1b78a27578f13a17b -> 
  custom:container-demuxer-webm: 4f35f7cbe854078d1ac9338744f61a02 -> 
  custom:container-demuxer-ogg: 62fdf1f143b41e24485cea50d1cbac27 -> 
  custom:video-encoder-webm-vp8: eb34c28f22e8b96e1ab97ce403110664 -> 
  custom:video-decoder-webm-vp8: 9c59270c3fd7afecdb556c50c9e8de78 -> 
  custom:audio-decoder-ogg-vorbis: bf7c407c2cedff20999df2af8eb42d56 -> 
  custom:audio-encoder-webm-vorbis: bf7c407c2cedff20999df2af8eb42d56 -> 
========================================================================
Received Import Request.
  Time since last request: 22.445329 seconds.
  path: Assets/Game/Items/Misc/stickrod.asset
  artifactKey: Guid(04716ccd0a2bee744a9cba32a040e01a) Importer(815301076,1909f56bfc062723c751e8b465ee728b)
Start importing Assets/Game/Items/Misc/stickrod.asset using Guid(04716ccd0a2bee744a9cba32a040e01a) Importer(815301076,1909f56bfc062723c751e8b465ee728b)  -> (artifact id: '138cd7568b464aacb2f194bf6e837362') in 0.078063 seconds 
  Import took 0.093662 seconds .

========================================================================
Received Import Request.
  Time since last request: 35.564547 seconds.
  path: Assets/Animations/newItem-standing.anim
  artifactKey: Guid(8d82063f58c93f94ba675e63cba2abf0) Importer(815301076,1909f56bfc062723c751e8b465ee728b)
Start importing Assets/Animations/newItem-standing.anim using Guid(8d82063f58c93f94ba675e63cba2abf0) Importer(815301076,1909f56bfc062723c751e8b465ee728b)  -> (artifact id: 'b06d946735dd9e812305dfa05d0d9a61') in 0.019229 seconds 
  Import took 0.033938 seconds .

========================================================================
Received Import Request.
  Time since last request: 34.447760 seconds.
  path: Assets/Art/Spritesheets
  artifactKey: Guid(8597d2f0bcb926545baaa0cb11505fb8) Importer(815301076,1909f56bfc062723c751e8b465ee728b)
Start importing Assets/Art/Spritesheets using Guid(8597d2f0bcb926545baaa0cb11505fb8) Importer(815301076,1909f56bfc062723c751e8b465ee728b)  -> (artifact id: 'd1f2e5a6eb8bd63ca0d0aebc008e08f9') in 0.017774 seconds 
  Import took 0.031070 seconds .

========================================================================
Received Import Request.
  Time since last request: 0.019466 seconds.
  path: Assets/Art/Spritesheets/AllAnimals.png
  artifactKey: Guid(b3a6f63e58386e94cb5c7fad3ca257ba) Importer(815301076,1909f56bfc062723c751e8b465ee728b)
Start importing Assets/Art/Spritesheets/AllAnimals.png using Guid(b3a6f63e58386e94cb5c7fad3ca257ba) Importer(815301076,1909f56bfc062723c751e8b465ee728b)  -> (artifact id: 'b92e4e001b4d3c76dd1a437a1507817e') in 11.797132 seconds 
  Import took 11.822281 seconds .

========================================================================
Received Import Request.
  Time since last request: 0.000510 seconds.
  path: Assets/Art/Spritesheets/sheep-lef-idlet.png
  artifactKey: Guid(8d2c700d18697664b836c4886a08489d) Importer(815301076,1909f56bfc062723c751e8b465ee728b)
Start importing Assets/Art/Spritesheets/sheep-lef-idlet.png using Guid(8d2c700d18697664b836c4886a08489d) Importer(815301076,1909f56bfc062723c751e8b465ee728b)  -> (artifact id: '04c644e1c0c581f898012486da44f976') in 0.055724 seconds 
  Import took 0.069442 seconds .

========================================================================
Received Import Request.
  Time since last request: 0.000474 seconds.
  path: Assets/Art/Spritesheets/knights_1x.png
  artifactKey: Guid(ec33e00ef269ecb4ba4127735612613b) Importer(815301076,1909f56bfc062723c751e8b465ee728b)
Start importing Assets/Art/Spritesheets/knights_1x.png using Guid(ec33e00ef269ecb4ba4127735612613b) Importer(815301076,1909f56bfc062723c751e8b465ee728b)  -> (artifact id: '5b803c2640eac8eef89796bb1e793761') in 0.341217 seconds 
  Import took 0.354398 seconds .

========================================================================
Received Import Request.
  Time since last request: 0.000512 seconds.
  path: Assets/Art/Spritesheets/motw.png
  artifactKey: Guid(878623b8dfca3594d91cc816b9304dfa) Importer(815301076,1909f56bfc062723c751e8b465ee728b)
Start importing Assets/Art/Spritesheets/motw.png using Guid(878623b8dfca3594d91cc816b9304dfa) Importer(815301076,1909f56bfc062723c751e8b465ee728b)  -> (artifact id: '58f0d9997f65419c43ef654f5a221db3') in 0.046682 seconds 
  Import took 0.058839 seconds .

========================================================================
Received Import Request.
  Time since last request: 0.000426 seconds.
  path: Assets/Art/Spritesheets/main/emotes
  artifactKey: Guid(bc04e23d23d93f543a61f1b9269764b4) Importer(815301076,1909f56bfc062723c751e8b465ee728b)
Start importing Assets/Art/Spritesheets/main/emotes using Guid(bc04e23d23d93f543a61f1b9269764b4) Importer(815301076,1909f56bfc062723c751e8b465ee728b)  -> (artifact id: '704b15252c4d6b7d15c413cd42fa9b46') in 0.013253 seconds 
  Import took 0.023904 seconds .

========================================================================
Received Import Request.
  Time since last request: 0.000421 seconds.
  path: Assets/Art/Spritesheets/character.png
  artifactKey: Guid(edf27e9d873895b4f86a10c98de189e5) Importer(815301076,1909f56bfc062723c751e8b465ee728b)
Start importing Assets/Art/Spritesheets/character.png using Guid(edf27e9d873895b4f86a10c98de189e5) Importer(815301076,1909f56bfc062723c751e8b465ee728b)  -> (artifact id: 'e18af776f728086e6113ecbe6c78299c') in 0.375587 seconds 
  Import took 0.386531 seconds .

========================================================================
Received Import Request.
  Time since last request: 0.000423 seconds.
  path: Assets/Art/Spritesheets/reaper_blade_1.png
  artifactKey: Guid(9e5e4812614927c4db0aab6271421b12) Importer(815301076,1909f56bfc062723c751e8b465ee728b)
Start importing Assets/Art/Spritesheets/reaper_blade_1.png using Guid(9e5e4812614927c4db0aab6271421b12) Importer(815301076,1909f56bfc062723c751e8b465ee728b)  -> (artifact id: '8ac01503ab40c0a76c36fa6c5ec3f652') in 0.115290 seconds 
  Import took 0.130041 seconds .

========================================================================
Received Import Request.
  Time since last request: 0.000577 seconds.
  path: Assets/Art/Spritesheets/main
  artifactKey: Guid(a9dee323bd9697246af2571cce33f810) Importer(815301076,1909f56bfc062723c751e8b465ee728b)
Start importing Assets/Art/Spritesheets/main using Guid(a9dee323bd9697246af2571cce33f810) Importer(815301076,1909f56bfc062723c751e8b465ee728b)  -> (artifact id: '89f0f024d596923833a9ae1dd78524b1') in 0.019121 seconds 
  Import took 0.034627 seconds .

========================================================================
Received Import Request.
  Time since last request: 0.000506 seconds.
  path: Assets/Art/Spritesheets/sheep-left-moving.png
  artifactKey: Guid(0e4076fa9574bfb448760a7a7d4768ee) Importer(815301076,1909f56bfc062723c751e8b465ee728b)
Start importing Assets/Art/Spritesheets/sheep-left-moving.png using Guid(0e4076fa9574bfb448760a7a7d4768ee) Importer(815301076,1909f56bfc062723c751e8b465ee728b)  -> (artifact id: 'f29cbbbfa53b2cb07cf343950cb1b765') in 0.060464 seconds 
  Import took 0.080389 seconds .

========================================================================
Received Import Request.
  Time since last request: 0.000516 seconds.
  path: Assets/Art/Spritesheets/animals.png
  artifactKey: Guid(eb7bdbfc3ca84b54282ee62971177b35) Importer(815301076,1909f56bfc062723c751e8b465ee728b)
Start importing Assets/Art/Spritesheets/animals.png using Guid(eb7bdbfc3ca84b54282ee62971177b35) Importer(815301076,1909f56bfc062723c751e8b465ee728b)  -> (artifact id: '2f4a02c2d9d5c6a7cbeb589eb5d0d589') in 0.655691 seconds 
  Import took 0.673580 seconds .

========================================================================
Received Prepare
Registering precompiled user dll's ...
Registered in 0.021517 seconds.
Begin MonoManager ReloadAssembly
Native extension for WindowsStandalone target not found
Refreshing native plugins compatible for Editor in 2.39 ms, found 3 plugins.
Preloading 0 native plugins for Editor in 0.00 ms.
Mono: successfully reloaded assembly
- Completed reload, in  3.098 seconds
Domain Reload Profiling:
	ReloadAssembly (3099ms)
		BeginReloadAssembly (332ms)
			ExecutionOrderSort (0ms)
			DisableScriptedObjects (17ms)
			BackupInstance (0ms)
			ReleaseScriptingObjects (1ms)
			CreateAndSetChildDomain (125ms)
		EndReloadAssembly (2583ms)
			LoadAssemblies (269ms)
			RebuildTransferFunctionScriptingTraits (0ms)
			SetupTypeCache (921ms)
			ReleaseScriptCaches (3ms)
			RebuildScriptCaches (108ms)
			SetupLoadedEditorAssemblies (876ms)
				LogAssemblyErrors (0ms)
				InitializePlatformSupportModulesInManaged (11ms)
				SetLoadedEditorAssemblies (1ms)
				RefreshPlugins (3ms)
				BeforeProcessingInitializeOnLoad (254ms)
				ProcessInitializeOnLoadAttributes (562ms)
				ProcessInitializeOnLoadMethodAttributes (26ms)
				AfterProcessingInitializeOnLoad (18ms)
				EditorAssembliesLoaded (0ms)
			ExecutionOrderSort2 (0ms)
			AwakeInstancesAfterBackupRestoration (43ms)
Platform modules already initialized, skipping
Refreshing native plugins compatible for Editor in 3.00 ms, found 3 plugins.
Preloading 0 native plugins for Editor in 0.00 ms.
Unloading 3630 Unused Serialized files (Serialized files now loaded: 0)
System memory in use before: 161.5 MB.
System memory in use after: 161.8 MB.

Unloading 21 unused Assets to reduce memory usage. Loaded Objects now: 4994.
Total: 13.597700 ms (FindLiveObjects: 0.947000 ms CreateObjectMapping: 0.502000 ms MarkObjects: 12.074600 ms  DeleteObjects: 0.071100 ms)

AssetImportParameters requested are different than current active one (requested -> active):
  custom:framework-win-MediaFoundation: 216162199b28c13a410421893ffa2e32 -> 
  custom:video-decoder-ogg-theora: a1e56fd34408186e4bbccfd4996cb3dc -> 
  custom:container-muxer-webm: aa71ff27fc2769a1b78a27578f13a17b -> 
  custom:container-demuxer-webm: 4f35f7cbe854078d1ac9338744f61a02 -> 
  custom:container-demuxer-ogg: 62fdf1f143b41e24485cea50d1cbac27 -> 
  custom:video-encoder-webm-vp8: eb34c28f22e8b96e1ab97ce403110664 -> 
  custom:video-decoder-webm-vp8: 9c59270c3fd7afecdb556c50c9e8de78 -> 
  custom:audio-decoder-ogg-vorbis: bf7c407c2cedff20999df2af8eb42d56 -> 
  custom:audio-encoder-webm-vorbis: bf7c407c2cedff20999df2af8eb42d56 -> 
========================================================================
Received Import Request.
  Time since last request: 37.691113 seconds.
  path: Assets/Scenes/Tutorial/TutorialMain.unity
  artifactKey: Guid(19e2d7427f388294f8c37e1a7270b208) Importer(815301076,1909f56bfc062723c751e8b465ee728b)
Start importing Assets/Scenes/Tutorial/TutorialMain.unity using Guid(19e2d7427f388294f8c37e1a7270b208) Importer(815301076,1909f56bfc062723c751e8b465ee728b)  -> (artifact id: '4eaf196368892c1dc19b68e454c63f22') in 0.035928 seconds 
  Import took 0.051682 seconds .

========================================================================
Received Prepare
Registering precompiled user dll's ...
Registered in 0.018695 seconds.
Begin MonoManager ReloadAssembly
Native extension for WindowsStandalone target not found
Refreshing native plugins compatible for Editor in 3.53 ms, found 3 plugins.
Preloading 0 native plugins for Editor in 0.00 ms.
Mono: successfully reloaded assembly
- Completed reload, in  2.740 seconds
Domain Reload Profiling:
	ReloadAssembly (2741ms)
		BeginReloadAssembly (214ms)
			ExecutionOrderSort (0ms)
			DisableScriptedObjects (12ms)
			BackupInstance (0ms)
			ReleaseScriptingObjects (0ms)
			CreateAndSetChildDomain (68ms)
		EndReloadAssembly (2369ms)
			LoadAssemblies (201ms)
			RebuildTransferFunctionScriptingTraits (0ms)
			SetupTypeCache (742ms)
			ReleaseScriptCaches (2ms)
			RebuildScriptCaches (92ms)
			SetupLoadedEditorAssemblies (904ms)
				LogAssemblyErrors (0ms)
				InitializePlatformSupportModulesInManaged (14ms)
				SetLoadedEditorAssemblies (1ms)
				RefreshPlugins (4ms)
				BeforeProcessingInitializeOnLoad (258ms)
				ProcessInitializeOnLoadAttributes (582ms)
				ProcessInitializeOnLoadMethodAttributes (26ms)
				AfterProcessingInitializeOnLoad (19ms)
				EditorAssembliesLoaded (0ms)
			ExecutionOrderSort2 (0ms)
			AwakeInstancesAfterBackupRestoration (72ms)
Platform modules already initialized, skipping
Refreshing native plugins compatible for Editor in 2.27 ms, found 3 plugins.
Preloading 0 native plugins for Editor in 0.00 ms.
Unloading 3630 Unused Serialized files (Serialized files now loaded: 0)
System memory in use before: 161.6 MB.
System memory in use after: 161.8 MB.

Unloading 21 unused Assets to reduce memory usage. Loaded Objects now: 4996.
Total: 8.722500 ms (FindLiveObjects: 0.762500 ms CreateObjectMapping: 0.397100 ms MarkObjects: 7.509200 ms  DeleteObjects: 0.051700 ms)

AssetImportParameters requested are different than current active one (requested -> active):
  custom:framework-win-MediaFoundation: 216162199b28c13a410421893ffa2e32 -> 
  custom:video-decoder-ogg-theora: a1e56fd34408186e4bbccfd4996cb3dc -> 
  custom:container-muxer-webm: aa71ff27fc2769a1b78a27578f13a17b -> 
  custom:container-demuxer-webm: 4f35f7cbe854078d1ac9338744f61a02 -> 
  custom:container-demuxer-ogg: 62fdf1f143b41e24485cea50d1cbac27 -> 
  custom:video-encoder-webm-vp8: eb34c28f22e8b96e1ab97ce403110664 -> 
  custom:video-decoder-webm-vp8: 9c59270c3fd7afecdb556c50c9e8de78 -> 
  custom:audio-decoder-ogg-vorbis: bf7c407c2cedff20999df2af8eb42d56 -> 
  custom:audio-encoder-webm-vorbis: bf7c407c2cedff20999df2af8eb42d56 -> 
========================================================================
Received Prepare
Registering precompiled user dll's ...
Registered in 0.028061 seconds.
Begin MonoManager ReloadAssembly
Native extension for WindowsStandalone target not found
Refreshing native plugins compatible for Editor in 2.24 ms, found 3 plugins.
Preloading 0 native plugins for Editor in 0.00 ms.
Mono: successfully reloaded assembly
- Completed reload, in  3.219 seconds
Domain Reload Profiling:
	ReloadAssembly (3220ms)
		BeginReloadAssembly (340ms)
			ExecutionOrderSort (0ms)
			DisableScriptedObjects (24ms)
			BackupInstance (0ms)
			ReleaseScriptingObjects (0ms)
			CreateAndSetChildDomain (80ms)
		EndReloadAssembly (2724ms)
			LoadAssemblies (306ms)
			RebuildTransferFunctionScriptingTraits (0ms)
			SetupTypeCache (1070ms)
			ReleaseScriptCaches (3ms)
			RebuildScriptCaches (115ms)
			SetupLoadedEditorAssemblies (856ms)
				LogAssemblyErrors (0ms)
				InitializePlatformSupportModulesInManaged (10ms)
				SetLoadedEditorAssemblies (1ms)
				RefreshPlugins (2ms)
				BeforeProcessingInitializeOnLoad (253ms)
				ProcessInitializeOnLoadAttributes (542ms)
				ProcessInitializeOnLoadMethodAttributes (29ms)
				AfterProcessingInitializeOnLoad (18ms)
				EditorAssembliesLoaded (0ms)
			ExecutionOrderSort2 (0ms)
			AwakeInstancesAfterBackupRestoration (43ms)
Platform modules already initialized, skipping
Refreshing native plugins compatible for Editor in 3.68 ms, found 3 plugins.
Preloading 0 native plugins for Editor in 0.00 ms.
Unloading 3630 Unused Serialized files (Serialized files now loaded: 0)
System memory in use before: 161.6 MB.
System memory in use after: 161.8 MB.

Unloading 21 unused Assets to reduce memory usage. Loaded Objects now: 4998.
Total: 11.698100 ms (FindLiveObjects: 0.932300 ms CreateObjectMapping: 0.681400 ms MarkObjects: 10.007300 ms  DeleteObjects: 0.074000 ms)

AssetImportParameters requested are different than current active one (requested -> active):
  custom:framework-win-MediaFoundation: 216162199b28c13a410421893ffa2e32 -> 
  custom:video-decoder-ogg-theora: a1e56fd34408186e4bbccfd4996cb3dc -> 
  custom:container-muxer-webm: aa71ff27fc2769a1b78a27578f13a17b -> 
  custom:container-demuxer-webm: 4f35f7cbe854078d1ac9338744f61a02 -> 
  custom:container-demuxer-ogg: 62fdf1f143b41e24485cea50d1cbac27 -> 
  custom:video-encoder-webm-vp8: eb34c28f22e8b96e1ab97ce403110664 -> 
  custom:video-decoder-webm-vp8: 9c59270c3fd7afecdb556c50c9e8de78 -> 
  custom:audio-decoder-ogg-vorbis: bf7c407c2cedff20999df2af8eb42d56 -> 
  custom:audio-encoder-webm-vorbis: bf7c407c2cedff20999df2af8eb42d56 -> 
========================================================================
Received Prepare
Registering precompiled user dll's ...
Registered in 0.008060 seconds.
Begin MonoManager ReloadAssembly
Native extension for WindowsStandalone target not found
Refreshing native plugins compatible for Editor in 1.16 ms, found 3 plugins.
Preloading 0 native plugins for Editor in 0.00 ms.
Mono: successfully reloaded assembly
- Completed reload, in  1.079 seconds
Domain Reload Profiling:
	ReloadAssembly (1080ms)
		BeginReloadAssembly (122ms)
			ExecutionOrderSort (0ms)
			DisableScriptedObjects (6ms)
			BackupInstance (0ms)
			ReleaseScriptingObjects (0ms)
			CreateAndSetChildDomain (36ms)
		EndReloadAssembly (887ms)
			LoadAssemblies (92ms)
			RebuildTransferFunctionScriptingTraits (0ms)
			SetupTypeCache (314ms)
			ReleaseScriptCaches (1ms)
			RebuildScriptCaches (41ms)
			SetupLoadedEditorAssemblies (302ms)
				LogAssemblyErrors (0ms)
				InitializePlatformSupportModulesInManaged (4ms)
				SetLoadedEditorAssemblies (0ms)
				RefreshPlugins (1ms)
				BeforeProcessingInitializeOnLoad (91ms)
				ProcessInitializeOnLoadAttributes (188ms)
				ProcessInitializeOnLoadMethodAttributes (10ms)
				AfterProcessingInitializeOnLoad (7ms)
				EditorAssembliesLoaded (0ms)
			ExecutionOrderSort2 (0ms)
			AwakeInstancesAfterBackupRestoration (16ms)
Platform modules already initialized, skipping
Refreshing native plugins compatible for Editor in 1.27 ms, found 3 plugins.
Preloading 0 native plugins for Editor in 0.00 ms.
Unloading 3630 Unused Serialized files (Serialized files now loaded: 0)
System memory in use before: 161.6 MB.
System memory in use after: 161.8 MB.

Unloading 21 unused Assets to reduce memory usage. Loaded Objects now: 5000.
Total: 4.225200 ms (FindLiveObjects: 0.411300 ms CreateObjectMapping: 0.152500 ms MarkObjects: 3.639500 ms  DeleteObjects: 0.021200 ms)

AssetImportParameters requested are different than current active one (requested -> active):
  custom:framework-win-MediaFoundation: 216162199b28c13a410421893ffa2e32 -> 
  custom:video-decoder-ogg-theora: a1e56fd34408186e4bbccfd4996cb3dc -> 
  custom:container-muxer-webm: aa71ff27fc2769a1b78a27578f13a17b -> 
  custom:container-demuxer-webm: 4f35f7cbe854078d1ac9338744f61a02 -> 
  custom:container-demuxer-ogg: 62fdf1f143b41e24485cea50d1cbac27 -> 
  custom:video-encoder-webm-vp8: eb34c28f22e8b96e1ab97ce403110664 -> 
  custom:video-decoder-webm-vp8: 9c59270c3fd7afecdb556c50c9e8de78 -> 
  custom:audio-decoder-ogg-vorbis: bf7c407c2cedff20999df2af8eb42d56 -> 
  custom:audio-encoder-webm-vorbis: bf7c407c2cedff20999df2af8eb42d56 -> 
========================================================================
Received Prepare
Registering precompiled user dll's ...
Registered in 0.007169 seconds.
Begin MonoManager ReloadAssembly
Native extension for WindowsStandalone target not found
Refreshing native plugins compatible for Editor in 1.19 ms, found 3 plugins.
Preloading 0 native plugins for Editor in 0.00 ms.
Mono: successfully reloaded assembly
- Completed reload, in  1.097 seconds
Domain Reload Profiling:
	ReloadAssembly (1098ms)
		BeginReloadAssembly (116ms)
			ExecutionOrderSort (0ms)
			DisableScriptedObjects (5ms)
			BackupInstance (0ms)
			ReleaseScriptingObjects (0ms)
			CreateAndSetChildDomain (35ms)
		EndReloadAssembly (922ms)
			LoadAssemblies (90ms)
			RebuildTransferFunctionScriptingTraits (0ms)
			SetupTypeCache (336ms)
			ReleaseScriptCaches (1ms)
			RebuildScriptCaches (40ms)
			SetupLoadedEditorAssemblies (311ms)
				LogAssemblyErrors (0ms)
				InitializePlatformSupportModulesInManaged (4ms)
				SetLoadedEditorAssemblies (0ms)
				RefreshPlugins (1ms)
				BeforeProcessingInitializeOnLoad (96ms)
				ProcessInitializeOnLoadAttributes (192ms)
				ProcessInitializeOnLoadMethodAttributes (11ms)
				AfterProcessingInitializeOnLoad (7ms)
				EditorAssembliesLoaded (0ms)
			ExecutionOrderSort2 (0ms)
			AwakeInstancesAfterBackupRestoration (17ms)
Platform modules already initialized, skipping
Refreshing native plugins compatible for Editor in 1.26 ms, found 3 plugins.
Preloading 0 native plugins for Editor in 0.00 ms.
Unloading 3630 Unused Serialized files (Serialized files now loaded: 0)
System memory in use before: 161.6 MB.
System memory in use after: 161.9 MB.

Unloading 21 unused Assets to reduce memory usage. Loaded Objects now: 5002.
Total: 4.396100 ms (FindLiveObjects: 0.444100 ms CreateObjectMapping: 0.158500 ms MarkObjects: 3.769600 ms  DeleteObjects: 0.022800 ms)

AssetImportParameters requested are different than current active one (requested -> active):
  custom:framework-win-MediaFoundation: 216162199b28c13a410421893ffa2e32 -> 
  custom:video-decoder-ogg-theora: a1e56fd34408186e4bbccfd4996cb3dc -> 
  custom:container-muxer-webm: aa71ff27fc2769a1b78a27578f13a17b -> 
  custom:container-demuxer-webm: 4f35f7cbe854078d1ac9338744f61a02 -> 
  custom:container-demuxer-ogg: 62fdf1f143b41e24485cea50d1cbac27 -> 
  custom:video-encoder-webm-vp8: eb34c28f22e8b96e1ab97ce403110664 -> 
  custom:video-decoder-webm-vp8: 9c59270c3fd7afecdb556c50c9e8de78 -> 
  custom:audio-decoder-ogg-vorbis: bf7c407c2cedff20999df2af8eb42d56 -> 
  custom:audio-encoder-webm-vorbis: bf7c407c2cedff20999df2af8eb42d56 -> 
========================================================================
Received Prepare
Registering precompiled user dll's ...
Registered in 0.023504 seconds.
Begin MonoManager ReloadAssembly
Native extension for WindowsStandalone target not found
Refreshing native plugins compatible for Editor in 2.21 ms, found 3 plugins.
Preloading 0 native plugins for Editor in 0.00 ms.
Mono: successfully reloaded assembly
- Completed reload, in  3.159 seconds
Domain Reload Profiling:
	ReloadAssembly (3160ms)
		BeginReloadAssembly (290ms)
			ExecutionOrderSort (0ms)
			DisableScriptedObjects (15ms)
			BackupInstance (0ms)
			ReleaseScriptingObjects (0ms)
			CreateAndSetChildDomain (99ms)
		EndReloadAssembly (2713ms)
			LoadAssemblies (246ms)
			RebuildTransferFunctionScriptingTraits (0ms)
			SetupTypeCache (931ms)
			ReleaseScriptCaches (3ms)
			RebuildScriptCaches (111ms)
			SetupLoadedEditorAssemblies (1006ms)
				LogAssemblyErrors (0ms)
				InitializePlatformSupportModulesInManaged (12ms)
				SetLoadedEditorAssemblies (1ms)
				RefreshPlugins (2ms)
				BeforeProcessingInitializeOnLoad (255ms)
				ProcessInitializeOnLoadAttributes (674ms)
				ProcessInitializeOnLoadMethodAttributes (37ms)
				AfterProcessingInitializeOnLoad (25ms)
				EditorAssembliesLoaded (1ms)
			ExecutionOrderSort2 (0ms)
			AwakeInstancesAfterBackupRestoration (65ms)
Platform modules already initialized, skipping
Refreshing native plugins compatible for Editor in 3.34 ms, found 3 plugins.
Preloading 0 native plugins for Editor in 0.00 ms.
Unloading 3630 Unused Serialized files (Serialized files now loaded: 0)
System memory in use before: 161.6 MB.
System memory in use after: 161.9 MB.

Unloading 21 unused Assets to reduce memory usage. Loaded Objects now: 5004.
Total: 8.297100 ms (FindLiveObjects: 0.862800 ms CreateObjectMapping: 0.385500 ms MarkObjects: 7.001100 ms  DeleteObjects: 0.045900 ms)

AssetImportParameters requested are different than current active one (requested -> active):
  custom:framework-win-MediaFoundation: 216162199b28c13a410421893ffa2e32 -> 
  custom:video-decoder-ogg-theora: a1e56fd34408186e4bbccfd4996cb3dc -> 
  custom:container-muxer-webm: aa71ff27fc2769a1b78a27578f13a17b -> 
  custom:container-demuxer-webm: 4f35f7cbe854078d1ac9338744f61a02 -> 
  custom:container-demuxer-ogg: 62fdf1f143b41e24485cea50d1cbac27 -> 
  custom:video-encoder-webm-vp8: eb34c28f22e8b96e1ab97ce403110664 -> 
  custom:video-decoder-webm-vp8: 9c59270c3fd7afecdb556c50c9e8de78 -> 
  custom:audio-decoder-ogg-vorbis: bf7c407c2cedff20999df2af8eb42d56 -> 
  custom:audio-encoder-webm-vorbis: bf7c407c2cedff20999df2af8eb42d56 -> 
========================================================================
Received Prepare
Registering precompiled user dll's ...
Registered in 0.015763 seconds.
Begin MonoManager ReloadAssembly
Native extension for WindowsStandalone target not found
Refreshing native plugins compatible for Editor in 3.79 ms, found 3 plugins.
Preloading 0 native plugins for Editor in 0.00 ms.
Mono: successfully reloaded assembly
- Completed reload, in  4.012 seconds
Domain Reload Profiling:
	ReloadAssembly (4014ms)
		BeginReloadAssembly (335ms)
			ExecutionOrderSort (0ms)
			DisableScriptedObjects (21ms)
			BackupInstance (0ms)
			ReleaseScriptingObjects (0ms)
			CreateAndSetChildDomain (107ms)
		EndReloadAssembly (3456ms)
			LoadAssemblies (333ms)
			RebuildTransferFunctionScriptingTraits (0ms)
			SetupTypeCache (1267ms)
			ReleaseScriptCaches (3ms)
			RebuildScriptCaches (170ms)
			SetupLoadedEditorAssemblies (1132ms)
				LogAssemblyErrors (0ms)
				InitializePlatformSupportModulesInManaged (13ms)
				SetLoadedEditorAssemblies (1ms)
				RefreshPlugins (4ms)
				BeforeProcessingInitializeOnLoad (335ms)
				ProcessInitializeOnLoadAttributes (716ms)
				ProcessInitializeOnLoadMethodAttributes (35ms)
				AfterProcessingInitializeOnLoad (27ms)
				EditorAssembliesLoaded (0ms)
			ExecutionOrderSort2 (0ms)
			AwakeInstancesAfterBackupRestoration (66ms)
Platform modules already initialized, skipping
Refreshing native plugins compatible for Editor in 2.65 ms, found 3 plugins.
Preloading 0 native plugins for Editor in 0.00 ms.
Unloading 3630 Unused Serialized files (Serialized files now loaded: 0)
System memory in use before: 161.6 MB.
System memory in use after: 161.9 MB.

Unloading 21 unused Assets to reduce memory usage. Loaded Objects now: 5006.
Total: 11.725300 ms (FindLiveObjects: 0.920900 ms CreateObjectMapping: 0.453900 ms MarkObjects: 10.294800 ms  DeleteObjects: 0.052900 ms)

AssetImportParameters requested are different than current active one (requested -> active):
  custom:framework-win-MediaFoundation: 216162199b28c13a410421893ffa2e32 -> 
  custom:video-decoder-ogg-theora: a1e56fd34408186e4bbccfd4996cb3dc -> 
  custom:container-muxer-webm: aa71ff27fc2769a1b78a27578f13a17b -> 
  custom:container-demuxer-webm: 4f35f7cbe854078d1ac9338744f61a02 -> 
  custom:container-demuxer-ogg: 62fdf1f143b41e24485cea50d1cbac27 -> 
  custom:video-encoder-webm-vp8: eb34c28f22e8b96e1ab97ce403110664 -> 
  custom:video-decoder-webm-vp8: 9c59270c3fd7afecdb556c50c9e8de78 -> 
  custom:audio-decoder-ogg-vorbis: bf7c407c2cedff20999df2af8eb42d56 -> 
  custom:audio-encoder-webm-vorbis: bf7c407c2cedff20999df2af8eb42d56 -> 
AssetImportWorkerClient::OnTransportError - code=2 error=End of file
